2025-08-18 16:36:33,409 WARNING database DDL Query made to DB:
create table `tabAssignment Rule` (
			name varchar(140) primary key,
			creation datetime(6),
			modified datetime(6),
			modified_by varchar(140),
			owner varchar(140),
			docstatus int(1) not null default '0',
			idx int(8) not null default '0',
			`document_type` varchar(140),
`due_date_based_on` varchar(140),
`priority` int(11) not null default 0,
`disabled` int(1) not null default 0,
`description` text default 'Automatic Assignment',
`assign_condition` longtext,
`unassign_condition` longtext,
`close_condition` longtext,
`rule` varchar(140),
`field` varchar(140),
`last_user` varchar(140),
`_user_tags` text,
`_comments` text,
`_assign` text,
`_liked_by` text,
index modified(modified))
			ENGINE=InnoDB
			ROW_FORMAT=DYNAMIC
			CHARACTER SET=utf8mb4
			COLLATE=utf8mb4_unicode_ci
2025-08-18 16:36:33,622 WARNING database DDL Query made to DB:
create table `tabAuto Repeat` (
			name varchar(140) primary key,
			creation datetime(6),
			modified datetime(6),
			modified_by varchar(140),
			owner varchar(140),
			docstatus int(1) not null default '0',
			idx int(8) not null default '0',
			`reference_doctype` varchar(140),
`reference_document` varchar(140),
`submit_on_creation` int(1) not null default 0,
`start_date` date,
`end_date` date,
`disabled` int(1) not null default 0,
`frequency` varchar(140),
`repeat_on_day` int(11) not null default 0,
`repeat_on_last_day` int(1) not null default 0,
`next_schedule_date` date,
`notify_by_email` int(1) not null default 0,
`recipients` text,
`template` varchar(140),
`subject` varchar(140),
`message` text default 'Please find attached {{ doc.doctype }} #{{ doc.name }}',
`print_format` varchar(140),
`status` varchar(140),
`_user_tags` text,
`_comments` text,
`_assign` text,
`_liked_by` text,
index `next_schedule_date`(`next_schedule_date`),
index modified(modified))
			ENGINE=InnoDB
			ROW_FORMAT=DYNAMIC
			CHARACTER SET=utf8mb4
			COLLATE=utf8mb4_unicode_ci
2025-08-18 16:36:33,767 WARNING database DDL Query made to DB:
create table `tabAssignment Rule User` (
			name varchar(140) primary key,
			creation datetime(6),
			modified datetime(6),
			modified_by varchar(140),
			owner varchar(140),
			docstatus int(1) not null default '0',
			idx int(8) not null default '0',
			`user` varchar(140),
parent varchar(140),
parentfield varchar(140),
parenttype varchar(140),
index parent(parent))
			ENGINE=InnoDB
			ROW_FORMAT=DYNAMIC
			CHARACTER SET=utf8mb4
			COLLATE=utf8mb4_unicode_ci
2025-08-18 16:36:33,906 WARNING database DDL Query made to DB:
create table `tabMilestone Tracker` (
			name varchar(140) primary key,
			creation datetime(6),
			modified datetime(6),
			modified_by varchar(140),
			owner varchar(140),
			docstatus int(1) not null default '0',
			idx int(8) not null default '0',
			`document_type` varchar(140) unique,
`track_field` varchar(140),
`disabled` int(1) not null default 0,
`_user_tags` text,
`_comments` text,
`_assign` text,
`_liked_by` text,
index modified(modified))
			ENGINE=InnoDB
			ROW_FORMAT=DYNAMIC
			CHARACTER SET=utf8mb4
			COLLATE=utf8mb4_unicode_ci
2025-08-18 16:36:34,051 WARNING database DDL Query made to DB:
create table `tabReminder` (
			name varchar(140) primary key,
			creation datetime(6),
			modified datetime(6),
			modified_by varchar(140),
			owner varchar(140),
			docstatus int(1) not null default '0',
			idx int(8) not null default '0',
			`user` varchar(140),
`remind_at` datetime(6),
`description` text,
`reminder_doctype` varchar(140),
`reminder_docname` varchar(140),
`notified` int(1) not null default 0,
`_user_tags` text,
`_comments` text,
`_assign` text,
`_liked_by` text,
index `user`(`user`),
index `remind_at`(`remind_at`),
index modified(modified))
			ENGINE=InnoDB
			ROW_FORMAT=DYNAMIC
			CHARACTER SET=utf8mb4
			COLLATE=utf8mb4_unicode_ci
2025-08-18 16:36:34,171 WARNING database DDL Query made to DB:
create table `tabAuto Repeat Day` (
			name varchar(140) primary key,
			creation datetime(6),
			modified datetime(6),
			modified_by varchar(140),
			owner varchar(140),
			docstatus int(1) not null default '0',
			idx int(8) not null default '0',
			`day` varchar(140),
parent varchar(140),
parentfield varchar(140),
parenttype varchar(140),
index parent(parent))
			ENGINE=InnoDB
			ROW_FORMAT=DYNAMIC
			CHARACTER SET=utf8mb4
			COLLATE=utf8mb4_unicode_ci
2025-08-18 16:45:17,806 WARNING database DDL Query made to DB:
create table `tabCourse Lesson` (
			name varchar(140) primary key,
			creation datetime(6),
			modified datetime(6),
			modified_by varchar(140),
			owner varchar(140),
			docstatus int(1) not null default '0',
			idx int(8) not null default '0',
			`title` varchar(140),
`include_in_preview` int(1) not null default 0,
`chapter` varchar(140),
`is_scorm_package` int(1) not null default 0,
`course` varchar(140),
`content` text,
`body` longtext,
`instructor_content` text,
`instructor_notes` longtext,
`youtube` varchar(140),
`quiz_id` varchar(140),
`question` text,
`file_type` varchar(140),
`_user_tags` text,
`_comments` text,
`_assign` text,
`_liked_by` text,
index modified(modified))
			ENGINE=InnoDB
			ROW_FORMAT=DYNAMIC
			CHARACTER SET=utf8mb4
			COLLATE=utf8mb4_unicode_ci
2025-08-18 16:45:18,591 WARNING database DDL Query made to DB:
create table `tabScheduled Flow` (
			name varchar(140) primary key,
			creation datetime(6),
			modified datetime(6),
			modified_by varchar(140),
			owner varchar(140),
			docstatus int(1) not null default '0',
			idx int(8) not null default '0',
			`lesson` varchar(140),
`lesson_title` varchar(140),
`date` date,
`start_time` time(6),
`end_time` time(6),
parent varchar(140),
parentfield varchar(140),
parenttype varchar(140),
index parent(parent))
			ENGINE=InnoDB
			ROW_FORMAT=DYNAMIC
			CHARACTER SET=utf8mb4
			COLLATE=utf8mb4_unicode_ci
2025-08-18 16:45:18,711 WARNING database DDL Query made to DB:
create table `tabLesson Reference` (
			name varchar(140) primary key,
			creation datetime(6),
			modified datetime(6),
			modified_by varchar(140),
			owner varchar(140),
			docstatus int(1) not null default '0',
			idx int(8) not null default '0',
			`lesson` varchar(140),
parent varchar(140),
parentfield varchar(140),
parenttype varchar(140),
index parent(parent))
			ENGINE=InnoDB
			ROW_FORMAT=DYNAMIC
			CHARACTER SET=utf8mb4
			COLLATE=utf8mb4_unicode_ci
2025-08-18 16:45:18,862 WARNING database DDL Query made to DB:
create table `tabLMS Mentor Request` (
			name varchar(140) primary key,
			creation datetime(6),
			modified datetime(6),
			modified_by varchar(140),
			owner varchar(140),
			docstatus int(1) not null default '0',
			idx int(8) not null default '0',
			`member` varchar(140),
`course` varchar(140),
`reviewed_by` varchar(140),
`member_name` varchar(140),
`status` varchar(140),
`comments` text,
`_user_tags` text,
`_comments` text,
`_assign` text,
`_liked_by` text,
index modified(modified))
			ENGINE=InnoDB
			ROW_FORMAT=DYNAMIC
			CHARACTER SET=utf8mb4
			COLLATE=utf8mb4_unicode_ci
2025-08-18 16:45:18,996 WARNING database DDL Query made to DB:
create table `tabUser Skill` (
			name varchar(140) primary key,
			creation datetime(6),
			modified datetime(6),
			modified_by varchar(140),
			owner varchar(140),
			docstatus int(1) not null default '0',
			idx int(8) not null default '0',
			`skill` varchar(140) unique,
`_user_tags` text,
`_comments` text,
`_assign` text,
`_liked_by` text,
index modified(modified))
			ENGINE=InnoDB
			ROW_FORMAT=DYNAMIC
			CHARACTER SET=utf8mb4
			COLLATE=utf8mb4_unicode_ci
2025-08-18 16:45:19,154 WARNING database DDL Query made to DB:
create table `tabSkills` (
			name varchar(140) primary key,
			creation datetime(6),
			modified datetime(6),
			modified_by varchar(140),
			owner varchar(140),
			docstatus int(1) not null default '0',
			idx int(8) not null default '0',
			`skill_name` varchar(140),
parent varchar(140),
parentfield varchar(140),
parenttype varchar(140),
index parent(parent))
			ENGINE=InnoDB
			ROW_FORMAT=DYNAMIC
			CHARACTER SET=utf8mb4
			COLLATE=utf8mb4_unicode_ci
2025-08-18 16:45:19,285 WARNING database DDL Query made to DB:
create table `tabLMS Course Interest` (
			name varchar(140) primary key,
			creation datetime(6),
			modified datetime(6),
			modified_by varchar(140),
			owner varchar(140),
			docstatus int(1) not null default '0',
			idx int(8) not null default '0',
			`course` varchar(140),
`user` varchar(140),
`email_sent` int(1) not null default 0,
`_user_tags` text,
`_comments` text,
`_assign` text,
`_liked_by` text,
index modified(modified))
			ENGINE=InnoDB
			ROW_FORMAT=DYNAMIC
			CHARACTER SET=utf8mb4
			COLLATE=utf8mb4_unicode_ci
2025-08-18 16:45:19,442 WARNING database DDL Query made to DB:
create table `tabLMS Course Review` (
			name varchar(140) primary key,
			creation datetime(6),
			modified datetime(6),
			modified_by varchar(140),
			owner varchar(140),
			docstatus int(1) not null default '0',
			idx int(8) not null default '0',
			`rating` decimal(3,2),
`course` varchar(140),
`review` text,
`_user_tags` text,
`_comments` text,
`_assign` text,
`_liked_by` text,
index modified(modified))
			ENGINE=InnoDB
			ROW_FORMAT=DYNAMIC
			CHARACTER SET=utf8mb4
			COLLATE=utf8mb4_unicode_ci
2025-08-18 16:45:19,633 WARNING database DDL Query made to DB:
create table `tabLMS Batch Old` (
			name varchar(140) primary key,
			creation datetime(6),
			modified datetime(6),
			modified_by varchar(140),
			owner varchar(140),
			docstatus int(1) not null default '0',
			idx int(8) not null default '0',
			`course` varchar(140),
`start_date` date,
`start_time` time(6),
`title` varchar(140),
`sessions_on` varchar(140),
`end_time` time(6),
`description` longtext,
`visibility` varchar(140) default 'Public',
`membership` varchar(140),
`status` varchar(140) default 'Active',
`stage` varchar(140) default 'Ready',
`_user_tags` text,
`_comments` text,
`_assign` text,
`_liked_by` text,
index modified(modified))
			ENGINE=InnoDB
			ROW_FORMAT=DYNAMIC
			CHARACTER SET=utf8mb4
			COLLATE=utf8mb4_unicode_ci
2025-08-18 16:45:19,817 WARNING database DDL Query made to DB:
create table `tabCohort` (
			name varchar(140) primary key,
			creation datetime(6),
			modified datetime(6),
			modified_by varchar(140),
			owner varchar(140),
			docstatus int(1) not null default '0',
			idx int(8) not null default '0',
			`course` varchar(140),
`title` varchar(140),
`slug` varchar(140) unique,
`instructor` varchar(140),
`status` varchar(140),
`begin_date` date,
`end_date` date,
`duration` varchar(140),
`description` longtext,
`_user_tags` text,
`_comments` text,
`_assign` text,
`_liked_by` text,
index modified(modified))
			ENGINE=InnoDB
			ROW_FORMAT=DYNAMIC
			CHARACTER SET=utf8mb4
			COLLATE=utf8mb4_unicode_ci
2025-08-18 16:45:20,026 WARNING database DDL Query made to DB:
create table `tabLMS Quiz` (
			name varchar(140) primary key,
			creation datetime(6),
			modified datetime(6),
			modified_by varchar(140),
			owner varchar(140),
			docstatus int(1) not null default '0',
			idx int(8) not null default '0',
			`title` varchar(140) unique,
`max_attempts` int(11) not null default 0,
`show_answers` int(1) not null default 1,
`show_submission_history` int(1) not null default 0,
`total_marks` int(11) not null default 0,
`passing_percentage` int(11) not null default 0,
`duration` varchar(140),
`shuffle_questions` int(1) not null default 0,
`limit_questions_to` int(11) not null default 0,
`enable_negative_marking` int(1) not null default 0,
`marks_to_cut` int(11) not null default 1,
`lesson` varchar(140),
`course` varchar(140),
`_user_tags` text,
`_comments` text,
`_assign` text,
`_liked_by` text,
index modified(modified))
			ENGINE=InnoDB
			ROW_FORMAT=DYNAMIC
			CHARACTER SET=utf8mb4
			COLLATE=utf8mb4_unicode_ci
2025-08-18 16:45:20,258 WARNING database DDL Query made to DB:
create table `tabCourse Evaluator` (
			name varchar(140) primary key,
			creation datetime(6),
			modified datetime(6),
			modified_by varchar(140),
			owner varchar(140),
			docstatus int(1) not null default '0',
			idx int(8) not null default '0',
			`evaluator` varchar(140) unique,
`full_name` varchar(140),
`user_image` text,
`username` varchar(140),
`unavailable_from` date,
`unavailable_to` date,
`_user_tags` text,
`_comments` text,
`_assign` text,
`_liked_by` text,
index modified(modified))
			ENGINE=InnoDB
			ROW_FORMAT=DYNAMIC
			CHARACTER SET=utf8mb4
			COLLATE=utf8mb4_unicode_ci
2025-08-18 16:45:20,452 WARNING database DDL Query made to DB:
create table `tabLMS Batch Timetable` (
			name varchar(140) primary key,
			creation datetime(6),
			modified datetime(6),
			modified_by varchar(140),
			owner varchar(140),
			docstatus int(1) not null default '0',
			idx int(8) not null default '0',
			`reference_doctype` varchar(140),
`reference_docname` varchar(140),
`date` date,
`day` int(11) not null default 0,
`start_time` time(6),
`end_time` time(6),
`duration` varchar(140),
`milestone` int(1) not null default 0,
parent varchar(140),
parentfield varchar(140),
parenttype varchar(140),
index parent(parent))
			ENGINE=InnoDB
			ROW_FORMAT=DYNAMIC
			CHARACTER SET=utf8mb4
			COLLATE=utf8mb4_unicode_ci
2025-08-18 16:45:20,564 WARNING database DDL Query made to DB:
create table `tabPreferred Industry` (
			name varchar(140) primary key,
			creation datetime(6),
			modified datetime(6),
			modified_by varchar(140),
			owner varchar(140),
			docstatus int(1) not null default '0',
			idx int(8) not null default '0',
			`industry` varchar(140),
parent varchar(140),
parentfield varchar(140),
parenttype varchar(140),
index parent(parent))
			ENGINE=InnoDB
			ROW_FORMAT=DYNAMIC
			CHARACTER SET=utf8mb4
			COLLATE=utf8mb4_unicode_ci
2025-08-18 16:45:20,722 WARNING database DDL Query made to DB:
create table `tabLMS Assignment` (
			name varchar(140) primary key,
			creation datetime(6),
			modified datetime(6),
			modified_by varchar(140),
			owner varchar(140),
			docstatus int(1) not null default '0',
			idx int(8) not null default '0',
			`title` varchar(140),
`question` longtext,
`type` varchar(140),
`grade_assignment` int(1) not null default 1,
`show_answer` int(1) not null default 0,
`answer` longtext,
`_user_tags` text,
`_comments` text,
`_assign` text,
`_liked_by` text,
index modified(modified))
			ENGINE=InnoDB
			ROW_FORMAT=DYNAMIC
			CHARACTER SET=utf8mb4
			COLLATE=utf8mb4_unicode_ci
2025-08-18 16:45:20,877 WARNING database DDL Query made to DB:
create table `tabLMS Option` (
			name varchar(140) primary key,
			creation datetime(6),
			modified datetime(6),
			modified_by varchar(140),
			owner varchar(140),
			docstatus int(1) not null default '0',
			idx int(8) not null default '0',
			`option` varchar(140),
`is_correct` int(1) not null default 0,
parent varchar(140),
parentfield varchar(140),
parenttype varchar(140),
index parent(parent))
			ENGINE=InnoDB
			ROW_FORMAT=DYNAMIC
			CHARACTER SET=utf8mb4
			COLLATE=utf8mb4_unicode_ci
2025-08-18 16:45:21,005 WARNING database DDL Query made to DB:
create table `tabLMS Program Member` (
			name varchar(140) primary key,
			creation datetime(6),
			modified datetime(6),
			modified_by varchar(140),
			owner varchar(140),
			docstatus int(1) not null default '0',
			idx int(8) not null default '0',
			`member` varchar(140),
`full_name` varchar(140),
`progress` int(11) not null default 0,
parent varchar(140),
parentfield varchar(140),
parenttype varchar(140),
index parent(parent))
			ENGINE=InnoDB
			ROW_FORMAT=DYNAMIC
			CHARACTER SET=utf8mb4
			COLLATE=utf8mb4_unicode_ci
2025-08-18 16:45:21,142 WARNING database DDL Query made to DB:
create table `tabLMS Test Case` (
			name varchar(140) primary key,
			creation datetime(6),
			modified datetime(6),
			modified_by varchar(140),
			owner varchar(140),
			docstatus int(1) not null default '0',
			idx int(8) not null default '0',
			`input` varchar(140),
`expected_output` varchar(140),
parent varchar(140),
parentfield varchar(140),
parenttype varchar(140),
index parent(parent))
			ENGINE=InnoDB
			ROW_FORMAT=DYNAMIC
			CHARACTER SET=utf8mb4
			COLLATE=utf8mb4_unicode_ci
2025-08-18 16:45:21,284 WARNING database DDL Query made to DB:
create table `tabWork Experience` (
			name varchar(140) primary key,
			creation datetime(6),
			modified datetime(6),
			modified_by varchar(140),
			owner varchar(140),
			docstatus int(1) not null default '0',
			idx int(8) not null default '0',
			`title` varchar(140),
`company` varchar(140),
`location` varchar(140),
`description` text,
`current` int(1) not null default 0,
`from_date` date,
`to_date` date,
parent varchar(140),
parentfield varchar(140),
parenttype varchar(140),
index parent(parent))
			ENGINE=InnoDB
			ROW_FORMAT=DYNAMIC
			CHARACTER SET=utf8mb4
			COLLATE=utf8mb4_unicode_ci
2025-08-18 16:45:21,748 WARNING database DDL Query made to DB:
create table `tabLMS Program` (
			name varchar(140) primary key,
			creation datetime(6),
			modified datetime(6),
			modified_by varchar(140),
			owner varchar(140),
			docstatus int(1) not null default '0',
			idx int(8) not null default '0',
			`title` varchar(140) unique,
`_user_tags` text,
`_comments` text,
`_assign` text,
`_liked_by` text,
index modified(modified))
			ENGINE=InnoDB
			ROW_FORMAT=DYNAMIC
			CHARACTER SET=utf8mb4
			COLLATE=utf8mb4_unicode_ci
2025-08-18 16:45:21,947 WARNING database DDL Query made to DB:
create table `tabLMS Certificate Evaluation` (
			name varchar(140) primary key,
			creation datetime(6),
			modified datetime(6),
			modified_by varchar(140),
			owner varchar(140),
			docstatus int(1) not null default '0',
			idx int(8) not null default '0',
			`member` varchar(140),
`member_name` varchar(140),
`course` varchar(140),
`batch_name` varchar(140),
`evaluator` varchar(140),
`evaluator_name` varchar(140),
`date` date,
`start_time` time(6),
`end_time` time(6),
`rating` decimal(3,2),
`status` varchar(140),
`summary` text,
`_user_tags` text,
`_comments` text,
`_assign` text,
`_liked_by` text,
index modified(modified))
			ENGINE=InnoDB
			ROW_FORMAT=DYNAMIC
			CHARACTER SET=utf8mb4
			COLLATE=utf8mb4_unicode_ci
2025-08-18 16:45:22,098 WARNING database DDL Query made to DB:
create table `tabCohort Web Page` (
			name varchar(140) primary key,
			creation datetime(6),
			modified datetime(6),
			modified_by varchar(140),
			owner varchar(140),
			docstatus int(1) not null default '0',
			idx int(8) not null default '0',
			`slug` varchar(140),
`title` varchar(140),
`template` varchar(140),
`scope` varchar(140) default 'Cohort',
`required_role` varchar(140) default 'Public',
parent varchar(140),
parentfield varchar(140),
parenttype varchar(140),
index parent(parent))
			ENGINE=InnoDB
			ROW_FORMAT=DYNAMIC
			CHARACTER SET=utf8mb4
			COLLATE=utf8mb4_unicode_ci
2025-08-18 16:45:22,278 WARNING database DDL Query made to DB:
create table `tabLMS Video Watch Duration` (
			name varchar(140) primary key,
			creation datetime(6),
			modified datetime(6),
			modified_by varchar(140),
			owner varchar(140),
			docstatus int(1) not null default '0',
			idx int(8) not null default '0',
			`lesson` varchar(140),
`chapter` varchar(140),
`course` varchar(140),
`member` varchar(140),
`member_name` varchar(140),
`member_image` text,
`member_username` varchar(140),
`source` varchar(140),
`watch_time` varchar(140),
`_user_tags` text,
`_comments` text,
`_assign` text,
`_liked_by` text,
index modified(modified))
			ENGINE=InnoDB
			ROW_FORMAT=DYNAMIC
			CHARACTER SET=utf8mb4
			COLLATE=utf8mb4_unicode_ci
2025-08-18 16:45:22,483 WARNING database DDL Query made to DB:
create table `tabCourse Chapter` (
			name varchar(140) primary key,
			creation datetime(6),
			modified datetime(6),
			modified_by varchar(140),
			owner varchar(140),
			docstatus int(1) not null default '0',
			idx int(8) not null default '0',
			`title` varchar(140),
`course` varchar(140),
`course_title` varchar(140),
`is_scorm_package` int(1) not null default 0,
`scorm_package` varchar(140),
`scorm_package_path` longtext,
`manifest_file` longtext,
`launch_file` longtext,
`_user_tags` text,
`_comments` text,
`_assign` text,
`_liked_by` text,
index modified(modified))
			ENGINE=InnoDB
			ROW_FORMAT=DYNAMIC
			CHARACTER SET=utf8mb4
			COLLATE=utf8mb4_unicode_ci
2025-08-18 16:45:22,699 WARNING database DDL Query made to DB:
create table `tabCohort Staff` (
			name varchar(140) primary key,
			creation datetime(6),
			modified datetime(6),
			modified_by varchar(140),
			owner varchar(140),
			docstatus int(1) not null default '0',
			idx int(8) not null default '0',
			`cohort` varchar(140),
`course` varchar(140),
`email` varchar(140),
`role` varchar(140),
`_user_tags` text,
`_comments` text,
`_assign` text,
`_liked_by` text,
index modified(modified))
			ENGINE=InnoDB
			ROW_FORMAT=DYNAMIC
			CHARACTER SET=utf8mb4
			COLLATE=utf8mb4_unicode_ci
2025-08-18 16:45:22,873 WARNING database DDL Query made to DB:
create table `tabLMS Programming Exercise Submission` (
			name varchar(140) primary key,
			creation datetime(6),
			modified datetime(6),
			modified_by varchar(140),
			owner varchar(140),
			docstatus int(1) not null default '0',
			idx int(8) not null default '0',
			`exercise` varchar(140),
`exercise_title` varchar(140),
`status` varchar(140),
`member` varchar(140),
`member_name` varchar(140),
`member_image` text,
`code` longtext,
`_user_tags` text,
`_comments` text,
`_assign` text,
`_liked_by` text,
index modified(modified))
			ENGINE=InnoDB
			ROW_FORMAT=DYNAMIC
			CHARACTER SET=utf8mb4
			COLLATE=utf8mb4_unicode_ci
2025-08-18 16:45:23,033 WARNING database DDL Query made to DB:
create table `tabRelated Courses` (
			name varchar(140) primary key,
			creation datetime(6),
			modified datetime(6),
			modified_by varchar(140),
			owner varchar(140),
			docstatus int(1) not null default '0',
			idx int(8) not null default '0',
			`course` varchar(140),
parent varchar(140),
parentfield varchar(140),
parenttype varchar(140),
index parent(parent))
			ENGINE=InnoDB
			ROW_FORMAT=DYNAMIC
			CHARACTER SET=utf8mb4
			COLLATE=utf8mb4_unicode_ci
2025-08-18 16:45:23,190 WARNING database DDL Query made to DB:
create table `tabLMS Zoom Settings` (
			name varchar(140) primary key,
			creation datetime(6),
			modified datetime(6),
			modified_by varchar(140),
			owner varchar(140),
			docstatus int(1) not null default '0',
			idx int(8) not null default '0',
			`enabled` int(1) not null default 0,
`account_name` varchar(140) unique,
`member` varchar(140),
`member_name` varchar(140),
`member_image` text,
`account_id` varchar(140),
`client_id` varchar(140),
`client_secret` text,
`_user_tags` text,
`_comments` text,
`_assign` text,
`_liked_by` text,
index modified(modified))
			ENGINE=InnoDB
			ROW_FORMAT=DYNAMIC
			CHARACTER SET=utf8mb4
			COLLATE=utf8mb4_unicode_ci
2025-08-18 16:45:23,392 WARNING database DDL Query made to DB:
create table `tabLMS Certificate` (
			name varchar(140) primary key,
			creation datetime(6),
			modified datetime(6),
			modified_by varchar(140),
			owner varchar(140),
			docstatus int(1) not null default '0',
			idx int(8) not null default '0',
			`member` varchar(140),
`member_name` varchar(140),
`evaluator` varchar(140),
`evaluator_name` varchar(140),
`issue_date` date,
`expiry_date` date,
`template` varchar(140),
`published` int(1) not null default 0,
`course` varchar(140),
`course_title` varchar(140),
`batch_name` varchar(140),
`batch_title` varchar(140),
`_user_tags` text,
`_comments` text,
`_assign` text,
`_liked_by` text,
index modified(modified))
			ENGINE=InnoDB
			ROW_FORMAT=DYNAMIC
			CHARACTER SET=utf8mb4
			COLLATE=utf8mb4_unicode_ci
2025-08-18 16:45:23,586 WARNING database DDL Query made to DB:
create table `tabLMS Lesson Note` (
			name varchar(140) primary key,
			creation datetime(6),
			modified datetime(6),
			modified_by varchar(140),
			owner varchar(140),
			docstatus int(1) not null default '0',
			idx int(8) not null default '0',
			`lesson` varchar(140),
`course` varchar(140),
`member` varchar(140),
`color` varchar(140),
`highlighted_text` text,
`note` longtext,
`_user_tags` text,
`_comments` text,
`_assign` text,
`_liked_by` text,
index modified(modified))
			ENGINE=InnoDB
			ROW_FORMAT=DYNAMIC
			CHARACTER SET=utf8mb4
			COLLATE=utf8mb4_unicode_ci
2025-08-18 16:45:23,840 WARNING database DDL Query made to DB:
create table `tabLMS Question` (
			name varchar(140) primary key,
			creation datetime(6),
			modified datetime(6),
			modified_by varchar(140),
			owner varchar(140),
			docstatus int(1) not null default '0',
			idx int(8) not null default '0',
			`question` longtext,
`type` varchar(140),
`multiple` int(1) not null default 0,
`option_1` text,
`is_correct_1` int(1) not null default 0,
`explanation_1` text,
`option_2` text,
`is_correct_2` int(1) not null default 0,
`explanation_2` text,
`option_3` text,
`is_correct_3` int(1) not null default 0,
`explanation_3` text,
`option_4` text,
`is_correct_4` int(1) not null default 0,
`explanation_4` text,
`possibility_1` text,
`possibility_3` text,
`possibility_2` text,
`possibility_4` text,
`_user_tags` text,
`_comments` text,
`_assign` text,
`_liked_by` text,
index modified(modified))
			ENGINE=InnoDB
			ROW_FORMAT=DYNAMIC
			CHARACTER SET=utf8mb4
			COLLATE=utf8mb4_unicode_ci
2025-08-18 16:45:23,994 WARNING database DDL Query made to DB:
create table `tabLMS Timetable Legend` (
			name varchar(140) primary key,
			creation datetime(6),
			modified datetime(6),
			modified_by varchar(140),
			owner varchar(140),
			docstatus int(1) not null default '0',
			idx int(8) not null default '0',
			`reference_doctype` varchar(140),
`label` varchar(140),
`color` varchar(140),
parent varchar(140),
parentfield varchar(140),
parenttype varchar(140),
index parent(parent))
			ENGINE=InnoDB
			ROW_FORMAT=DYNAMIC
			CHARACTER SET=utf8mb4
			COLLATE=utf8mb4_unicode_ci
2025-08-18 16:45:24,262 WARNING database DDL Query made to DB:
create table `tabLMS Course` (
			name varchar(140) primary key,
			creation datetime(6),
			modified datetime(6),
			modified_by varchar(140),
			owner varchar(140),
			docstatus int(1) not null default '0',
			idx int(8) not null default '0',
			`title` varchar(140),
`video_link` varchar(140),
`tags` varchar(140),
`category` varchar(140),
`status` varchar(140) default 'In Progress',
`image` text,
`card_gradient` varchar(140),
`published` int(1) not null default 0,
`published_on` date,
`upcoming` int(1) not null default 0,
`featured` int(1) not null default 0,
`disable_self_learning` int(1) not null default 0,
`short_introduction` text,
`description` longtext,
`paid_course` int(1) not null default 0,
`enable_certification` int(1) not null default 0,
`paid_certificate` int(1) not null default 0,
`evaluator` varchar(140),
`course_price` decimal(21,9) not null default 0,
`currency` varchar(140),
`amount_usd` decimal(21,9) not null default 0,
`enrollments` int(11) not null default 0,
`lessons` int(11) not null default 0,
`rating` varchar(140) default '0',
`_user_tags` text,
`_comments` text,
`_assign` text,
`_liked_by` text,
index modified(modified))
			ENGINE=InnoDB
			ROW_FORMAT=DYNAMIC
			CHARACTER SET=utf8mb4
			COLLATE=utf8mb4_unicode_ci
2025-08-18 16:45:24,447 WARNING database DDL Query made to DB:
create table `tabCohort Subgroup` (
			name varchar(140) primary key,
			creation datetime(6),
			modified datetime(6),
			modified_by varchar(140),
			owner varchar(140),
			docstatus int(1) not null default '0',
			idx int(8) not null default '0',
			`cohort` varchar(140),
`slug` varchar(140),
`title` varchar(140),
`invite_code` varchar(140),
`course` varchar(140),
`description` longtext,
`_user_tags` text,
`_comments` text,
`_assign` text,
`_liked_by` text,
index modified(modified))
			ENGINE=InnoDB
			ROW_FORMAT=DYNAMIC
			CHARACTER SET=utf8mb4
			COLLATE=utf8mb4_unicode_ci
2025-08-18 16:45:24,582 WARNING database DDL Query made to DB:
create table `tabLMS Assessment` (
			name varchar(140) primary key,
			creation datetime(6),
			modified datetime(6),
			modified_by varchar(140),
			owner varchar(140),
			docstatus int(1) not null default '0',
			idx int(8) not null default '0',
			`assessment_type` varchar(140),
`assessment_name` varchar(140),
parent varchar(140),
parentfield varchar(140),
parenttype varchar(140),
index parent(parent))
			ENGINE=InnoDB
			ROW_FORMAT=DYNAMIC
			CHARACTER SET=utf8mb4
			COLLATE=utf8mb4_unicode_ci
2025-08-18 16:45:24,737 WARNING database DDL Query made to DB:
create table `tabLMS Course Progress` (
			name varchar(140) primary key,
			creation datetime(6),
			modified datetime(6),
			modified_by varchar(140),
			owner varchar(140),
			docstatus int(1) not null default '0',
			idx int(8) not null default '0',
			`member` varchar(140),
`member_name` varchar(140),
`status` varchar(140),
`lesson` varchar(140),
`chapter` varchar(140),
`course` varchar(140),
`_user_tags` text,
`_comments` text,
`_assign` text,
`_liked_by` text,
index `member`(`member`),
index `status`(`status`),
index `lesson`(`lesson`),
index `chapter`(`chapter`),
index `course`(`course`),
index modified(modified))
			ENGINE=InnoDB
			ROW_FORMAT=DYNAMIC
			CHARACTER SET=utf8mb4
			COLLATE=utf8mb4_unicode_ci
2025-08-18 16:45:24,886 WARNING database DDL Query made to DB:
create table `tabPayment Country` (
			name varchar(140) primary key,
			creation datetime(6),
			modified datetime(6),
			modified_by varchar(140),
			owner varchar(140),
			docstatus int(1) not null default '0',
			idx int(8) not null default '0',
			`country` varchar(140),
parent varchar(140),
parentfield varchar(140),
parenttype varchar(140),
index parent(parent))
			ENGINE=InnoDB
			ROW_FORMAT=DYNAMIC
			CHARACTER SET=utf8mb4
			COLLATE=utf8mb4_unicode_ci
2025-08-18 16:45:25,025 WARNING database DDL Query made to DB:
create table `tabLMS Source` (
			name varchar(140) primary key,
			creation datetime(6),
			modified datetime(6),
			modified_by varchar(140),
			owner varchar(140),
			docstatus int(1) not null default '0',
			idx int(8) not null default '0',
			`source` varchar(140) unique,
`_user_tags` text,
`_comments` text,
`_assign` text,
`_liked_by` text,
index modified(modified))
			ENGINE=InnoDB
			ROW_FORMAT=DYNAMIC
			CHARACTER SET=utf8mb4
			COLLATE=utf8mb4_unicode_ci
2025-08-18 16:45:25,185 WARNING database DDL Query made to DB:
create table `tabLMS Category` (
			name varchar(140) primary key,
			creation datetime(6),
			modified datetime(6),
			modified_by varchar(140),
			owner varchar(140),
			docstatus int(1) not null default '0',
			idx int(8) not null default '0',
			`category` varchar(140) unique,
`_user_tags` text,
`_comments` text,
`_assign` text,
`_liked_by` text,
index modified(modified))
			ENGINE=InnoDB
			ROW_FORMAT=DYNAMIC
			CHARACTER SET=utf8mb4
			COLLATE=utf8mb4_unicode_ci
2025-08-18 16:45:25,374 WARNING database DDL Query made to DB:
create table `tabLMS Live Class Participant` (
			name varchar(140) primary key,
			creation datetime(6),
			modified datetime(6),
			modified_by varchar(140),
			owner varchar(140),
			docstatus int(1) not null default '0',
			idx int(8) not null default '0',
			`live_class` varchar(140),
`joined_at` datetime(6),
`duration` int(11) not null default 0,
`left_at` datetime(6),
`member` varchar(140),
`member_name` varchar(140),
`member_image` text,
`member_username` varchar(140),
`_user_tags` text,
`_comments` text,
`_assign` text,
`_liked_by` text,
index modified(modified))
			ENGINE=InnoDB
			ROW_FORMAT=DYNAMIC
			CHARACTER SET=utf8mb4
			COLLATE=utf8mb4_unicode_ci
2025-08-18 16:45:25,569 WARNING database DDL Query made to DB:
create table `tabLMS Badge Assignment` (
			name varchar(140) primary key,
			creation datetime(6),
			modified datetime(6),
			modified_by varchar(140),
			owner varchar(140),
			docstatus int(1) not null default '0',
			idx int(8) not null default '0',
			`member` varchar(140),
`member_name` varchar(140),
`member_username` varchar(140),
`member_image` text,
`issued_on` date,
`badge` varchar(140),
`badge_image` text,
`badge_description` text,
`_user_tags` text,
`_comments` text,
`_assign` text,
`_liked_by` text,
index modified(modified))
			ENGINE=InnoDB
			ROW_FORMAT=DYNAMIC
			CHARACTER SET=utf8mb4
			COLLATE=utf8mb4_unicode_ci
2025-08-18 16:45:25,796 WARNING database DDL Query made to DB:
create table `tabLMS Enrollment` (
			name varchar(140) primary key,
			creation datetime(6),
			modified datetime(6),
			modified_by varchar(140),
			owner varchar(140),
			docstatus int(1) not null default '0',
			idx int(8) not null default '0',
			`course` varchar(140),
`progress` decimal(21,9) not null default 0,
`payment` varchar(140),
`current_lesson` varchar(140),
`member` varchar(140),
`member_name` varchar(140),
`member_username` varchar(140),
`member_image` text,
`purchased_certificate` int(1) not null default 0,
`certificate` varchar(140),
`cohort` varchar(140),
`subgroup` varchar(140),
`batch_old` varchar(140),
`member_type` varchar(140) default 'Student',
`role` varchar(140) default 'Member',
`_user_tags` text,
`_comments` text,
`_assign` text,
`_liked_by` text,
index `course`(`course`),
index `member`(`member`),
index modified(modified))
			ENGINE=InnoDB
			ROW_FORMAT=DYNAMIC
			CHARACTER SET=utf8mb4
			COLLATE=utf8mb4_unicode_ci
2025-08-18 16:45:25,976 WARNING database DDL Query made to DB:
create table `tabCohort Join Request` (
			name varchar(140) primary key,
			creation datetime(6),
			modified datetime(6),
			modified_by varchar(140),
			owner varchar(140),
			docstatus int(1) not null default '0',
			idx int(8) not null default '0',
			`cohort` varchar(140),
`email` varchar(140),
`subgroup` varchar(140),
`status` varchar(140) default 'Pending',
`_user_tags` text,
`_comments` text,
`_assign` text,
`_liked_by` text,
index modified(modified))
			ENGINE=InnoDB
			ROW_FORMAT=DYNAMIC
			CHARACTER SET=utf8mb4
			COLLATE=utf8mb4_unicode_ci
2025-08-18 16:45:26,147 WARNING database DDL Query made to DB:
create table `tabLMS Test Case Submission` (
			name varchar(140) primary key,
			creation datetime(6),
			modified datetime(6),
			modified_by varchar(140),
			owner varchar(140),
			docstatus int(1) not null default '0',
			idx int(8) not null default '0',
			`input` varchar(140),
`expected_output` varchar(140),
`output` varchar(140),
`status` varchar(140),
parent varchar(140),
parentfield varchar(140),
parenttype varchar(140),
index parent(parent))
			ENGINE=InnoDB
			ROW_FORMAT=DYNAMIC
			CHARACTER SET=utf8mb4
			COLLATE=utf8mb4_unicode_ci
2025-08-18 16:45:26,317 WARNING database DDL Query made to DB:
create table `tabLMS Programming Exercise` (
			name varchar(140) primary key,
			creation datetime(6),
			modified datetime(6),
			modified_by varchar(140),
			owner varchar(140),
			docstatus int(1) not null default '0',
			idx int(8) not null default '0',
			`title` varchar(140),
`language` varchar(140) default 'Python',
`problem_statement` longtext,
`_user_tags` text,
`_comments` text,
`_assign` text,
`_liked_by` text,
index modified(modified))
			ENGINE=InnoDB
			ROW_FORMAT=DYNAMIC
			CHARACTER SET=utf8mb4
			COLLATE=utf8mb4_unicode_ci
2025-08-18 16:45:26,515 WARNING database DDL Query made to DB:
create table `tabLMS Quiz Result` (
			name varchar(140) primary key,
			creation datetime(6),
			modified datetime(6),
			modified_by varchar(140),
			owner varchar(140),
			docstatus int(1) not null default '0',
			idx int(8) not null default '0',
			`question` text,
`question_name` varchar(140),
`answer` text,
`marks` int(11) not null default 0,
`marks_out_of` int(11) not null default 0,
`is_correct` int(1) not null default 0,
parent varchar(140),
parentfield varchar(140),
parenttype varchar(140),
index parent(parent))
			ENGINE=InnoDB
			ROW_FORMAT=DYNAMIC
			CHARACTER SET=utf8mb4
			COLLATE=utf8mb4_unicode_ci
2025-08-18 16:45:26,645 WARNING database DDL Query made to DB:
create sequence if not exists batch_course_id_seq nocache nocycle
2025-08-18 16:45:26,653 WARNING database DDL Query made to DB:
create table `tabBatch Course` (
			name bigint primary key,
			creation datetime(6),
			modified datetime(6),
			modified_by varchar(140),
			owner varchar(140),
			docstatus int(1) not null default '0',
			idx int(8) not null default '0',
			`course` varchar(140),
`title` varchar(140),
`evaluator` varchar(140),
parent varchar(140),
parentfield varchar(140),
parenttype varchar(140),
index parent(parent))
			ENGINE=InnoDB
			ROW_FORMAT=DYNAMIC
			CHARACTER SET=utf8mb4
			COLLATE=utf8mb4_unicode_ci
2025-08-18 16:45:26,816 WARNING database DDL Query made to DB:
create table `tabLMS Course Mentor Mapping` (
			name varchar(140) primary key,
			creation datetime(6),
			modified datetime(6),
			modified_by varchar(140),
			owner varchar(140),
			docstatus int(1) not null default '0',
			idx int(8) not null default '0',
			`course` varchar(140),
`mentor` varchar(140),
`mentor_name` varchar(140),
`_user_tags` text,
`_comments` text,
`_assign` text,
`_liked_by` text,
index modified(modified))
			ENGINE=InnoDB
			ROW_FORMAT=DYNAMIC
			CHARACTER SET=utf8mb4
			COLLATE=utf8mb4_unicode_ci
2025-08-18 16:45:26,958 WARNING database DDL Query made to DB:
create table `tabCourse Instructor` (
			name varchar(140) primary key,
			creation datetime(6),
			modified datetime(6),
			modified_by varchar(140),
			owner varchar(140),
			docstatus int(1) not null default '0',
			idx int(8) not null default '0',
			`instructor` varchar(140),
parent varchar(140),
parentfield varchar(140),
parenttype varchar(140),
index parent(parent))
			ENGINE=InnoDB
			ROW_FORMAT=DYNAMIC
			CHARACTER SET=utf8mb4
			COLLATE=utf8mb4_unicode_ci
2025-08-18 16:45:27,182 WARNING database DDL Query made to DB:
create table `tabLMS Live Class` (
			name varchar(140) primary key,
			creation datetime(6),
			modified datetime(6),
			modified_by varchar(140),
			owner varchar(140),
			docstatus int(1) not null default '0',
			idx int(8) not null default '0',
			`title` varchar(140),
`host` varchar(140),
`zoom_account` varchar(140),
`batch_name` varchar(140),
`date` date,
`time` time(6),
`duration` int(11) not null default 0,
`timezone` varchar(140),
`description` text,
`event` varchar(140),
`auto_recording` varchar(140) default 'No Recording',
`meeting_id` varchar(140),
`uuid` varchar(140),
`attendees` int(11) not null default 0,
`password` text,
`start_url` text,
`join_url` text,
`_user_tags` text,
`_comments` text,
`_assign` text,
`_liked_by` text,
index modified(modified))
			ENGINE=InnoDB
			ROW_FORMAT=DYNAMIC
			CHARACTER SET=utf8mb4
			COLLATE=utf8mb4_unicode_ci
2025-08-18 16:45:27,436 WARNING database DDL Query made to DB:
create table `tabLMS Payment` (
			name varchar(140) primary key,
			creation datetime(6),
			modified datetime(6),
			modified_by varchar(140),
			owner varchar(140),
			docstatus int(1) not null default '0',
			idx int(8) not null default '0',
			`member` varchar(140),
`billing_name` varchar(140),
`source` varchar(140),
`payment_for_document_type` varchar(140),
`payment_for_document` varchar(140),
`payment_received` int(1) not null default 0,
`payment_for_certificate` int(1) not null default 0,
`currency` varchar(140),
`amount` decimal(21,9) not null default 0,
`amount_with_gst` decimal(21,9) not null default 0,
`order_id` varchar(140),
`payment_id` varchar(140),
`address` varchar(140),
`gstin` varchar(140),
`pan` varchar(140),
`_user_tags` text,
`_comments` text,
`_assign` text,
`_liked_by` text,
index modified(modified))
			ENGINE=InnoDB
			ROW_FORMAT=DYNAMIC
			CHARACTER SET=utf8mb4
			COLLATE=utf8mb4_unicode_ci
2025-08-18 16:45:27,611 WARNING database DDL Query made to DB:
create table `tabCertification` (
			name varchar(140) primary key,
			creation datetime(6),
			modified datetime(6),
			modified_by varchar(140),
			owner varchar(140),
			docstatus int(1) not null default '0',
			idx int(8) not null default '0',
			`certification_name` varchar(140),
`organization` varchar(140),
`description` text,
`expire` int(1) not null default 0,
`issue_date` date,
`expiration_date` varchar(140),
parent varchar(140),
parentfield varchar(140),
parenttype varchar(140),
index parent(parent))
			ENGINE=InnoDB
			ROW_FORMAT=DYNAMIC
			CHARACTER SET=utf8mb4
			COLLATE=utf8mb4_unicode_ci
2025-08-18 16:45:27,823 WARNING database DDL Query made to DB:
create table `tabLMS Assignment Submission` (
			name varchar(140) primary key,
			creation datetime(6),
			modified datetime(6),
			modified_by varchar(140),
			owner varchar(140),
			docstatus int(1) not null default '0',
			idx int(8) not null default '0',
			`assignment` varchar(140),
`assignment_title` varchar(140),
`type` varchar(140),
`member` varchar(140),
`member_name` varchar(140),
`evaluator` varchar(140),
`assignment_attachment` text,
`answer` longtext,
`status` varchar(140) default 'Not Graded',
`comments` longtext,
`question` longtext,
`course` varchar(140),
`lesson` varchar(140),
`_user_tags` text,
`_comments` text,
`_assign` text,
`_liked_by` text,
index modified(modified))
			ENGINE=InnoDB
			ROW_FORMAT=DYNAMIC
			CHARACTER SET=utf8mb4
			COLLATE=utf8mb4_unicode_ci
2025-08-18 16:45:28,014 WARNING database DDL Query made to DB:
create table `tabLMS Timetable Template` (
			name varchar(140) primary key,
			creation datetime(6),
			modified datetime(6),
			modified_by varchar(140),
			owner varchar(140),
			docstatus int(1) not null default '0',
			idx int(8) not null default '0',
			`title` varchar(140),
`_user_tags` text,
`_comments` text,
`_assign` text,
`_liked_by` text,
index modified(modified))
			ENGINE=InnoDB
			ROW_FORMAT=DYNAMIC
			CHARACTER SET=utf8mb4
			COLLATE=utf8mb4_unicode_ci
2025-08-18 16:45:28,244 WARNING database DDL Query made to DB:
create table `tabLMS Quiz Submission` (
			name varchar(140) primary key,
			creation datetime(6),
			modified datetime(6),
			modified_by varchar(140),
			owner varchar(140),
			docstatus int(1) not null default '0',
			idx int(8) not null default '0',
			`quiz` varchar(140),
`quiz_title` varchar(140),
`course` varchar(140),
`member` varchar(140),
`member_name` varchar(140),
`score` int(11) not null default 0,
`score_out_of` int(11) not null default 0,
`percentage` int(11) not null default 0,
`passing_percentage` int(11) not null default 0,
`_user_tags` text,
`_comments` text,
`_assign` text,
`_liked_by` text,
index modified(modified))
			ENGINE=InnoDB
			ROW_FORMAT=DYNAMIC
			CHARACTER SET=utf8mb4
			COLLATE=utf8mb4_unicode_ci
2025-08-18 16:45:28,582 WARNING database DDL Query made to DB:
create sequence if not exists evaluator_schedule_id_seq nocache nocycle
2025-08-18 16:45:28,602 WARNING database DDL Query made to DB:
create table `tabEvaluator Schedule` (
			name bigint primary key,
			creation datetime(6),
			modified datetime(6),
			modified_by varchar(140),
			owner varchar(140),
			docstatus int(1) not null default '0',
			idx int(8) not null default '0',
			`day` varchar(140),
`start_time` time(6),
`end_time` time(6),
parent varchar(140),
parentfield varchar(140),
parenttype varchar(140),
index parent(parent))
			ENGINE=InnoDB
			ROW_FORMAT=DYNAMIC
			CHARACTER SET=utf8mb4
			COLLATE=utf8mb4_unicode_ci
2025-08-18 16:45:28,784 WARNING database DDL Query made to DB:
create table `tabLMS Batch Enrollment` (
			name varchar(140) primary key,
			creation datetime(6),
			modified datetime(6),
			modified_by varchar(140),
			owner varchar(140),
			docstatus int(1) not null default '0',
			idx int(8) not null default '0',
			`member` varchar(140),
`member_name` varchar(140),
`member_username` varchar(140),
`batch` varchar(140),
`payment` varchar(140),
`source` varchar(140),
`confirmation_email_sent` int(1) not null default 0,
`_user_tags` text,
`_comments` text,
`_assign` text,
`_liked_by` text,
index modified(modified))
			ENGINE=InnoDB
			ROW_FORMAT=DYNAMIC
			CHARACTER SET=utf8mb4
			COLLATE=utf8mb4_unicode_ci
2025-08-18 16:45:28,984 WARNING database DDL Query made to DB:
create table `tabChapter Reference` (
			name varchar(140) primary key,
			creation datetime(6),
			modified datetime(6),
			modified_by varchar(140),
			owner varchar(140),
			docstatus int(1) not null default '0',
			idx int(8) not null default '0',
			`chapter` varchar(140),
parent varchar(140),
parentfield varchar(140),
parenttype varchar(140),
index parent(parent))
			ENGINE=InnoDB
			ROW_FORMAT=DYNAMIC
			CHARACTER SET=utf8mb4
			COLLATE=utf8mb4_unicode_ci
2025-08-18 16:45:29,129 WARNING database DDL Query made to DB:
create table `tabLMS Sidebar Item` (
			name varchar(140) primary key,
			creation datetime(6),
			modified datetime(6),
			modified_by varchar(140),
			owner varchar(140),
			docstatus int(1) not null default '0',
			idx int(8) not null default '0',
			`web_page` varchar(140),
`title` varchar(140),
`icon` varchar(140),
`route` varchar(140),
parent varchar(140),
parentfield varchar(140),
parenttype varchar(140),
index parent(parent))
			ENGINE=InnoDB
			ROW_FORMAT=DYNAMIC
			CHARACTER SET=utf8mb4
			COLLATE=utf8mb4_unicode_ci
2025-08-18 16:45:29,263 WARNING database DDL Query made to DB:
create table `tabLMS Program Course` (
			name varchar(140) primary key,
			creation datetime(6),
			modified datetime(6),
			modified_by varchar(140),
			owner varchar(140),
			docstatus int(1) not null default '0',
			idx int(8) not null default '0',
			`course` varchar(140),
`course_title` varchar(140),
parent varchar(140),
parentfield varchar(140),
parenttype varchar(140),
index parent(parent))
			ENGINE=InnoDB
			ROW_FORMAT=DYNAMIC
			CHARACTER SET=utf8mb4
			COLLATE=utf8mb4_unicode_ci
2025-08-18 16:45:29,432 WARNING database DDL Query made to DB:
create table `tabLMS Badge` (
			name varchar(140) primary key,
			creation datetime(6),
			modified datetime(6),
			modified_by varchar(140),
			owner varchar(140),
			docstatus int(1) not null default '0',
			idx int(8) not null default '0',
			`enabled` int(1) not null default 1,
`title` varchar(140) unique,
`description` text,
`reference_doctype` varchar(140),
`event` varchar(140),
`image` text,
`grant_only_once` int(1) not null default 0,
`user_field` varchar(140),
`field_to_check` varchar(140),
`condition` longtext,
`_user_tags` text,
`_comments` text,
`_assign` text,
`_liked_by` text,
index modified(modified))
			ENGINE=InnoDB
			ROW_FORMAT=DYNAMIC
			CHARACTER SET=utf8mb4
			COLLATE=utf8mb4_unicode_ci
2025-08-18 16:45:29,582 WARNING database DDL Query made to DB:
create table `tabFunction` (
			name varchar(140) primary key,
			creation datetime(6),
			modified datetime(6),
			modified_by varchar(140),
			owner varchar(140),
			docstatus int(1) not null default '0',
			idx int(8) not null default '0',
			`function` varchar(140) unique,
`_user_tags` text,
`_comments` text,
`_assign` text,
`_liked_by` text,
index modified(modified))
			ENGINE=InnoDB
			ROW_FORMAT=DYNAMIC
			CHARACTER SET=utf8mb4
			COLLATE=utf8mb4_unicode_ci
2025-08-18 16:45:29,767 WARNING database DDL Query made to DB:
create table `tabExercise Submission` (
			name varchar(140) primary key,
			creation datetime(6),
			modified datetime(6),
			modified_by varchar(140),
			owner varchar(140),
			docstatus int(1) not null default '0',
			idx int(8) not null default '0',
			`exercise` varchar(140),
`status` varchar(140),
`batch_old` varchar(140),
`exercise_title` varchar(140),
`course` varchar(140),
`lesson` varchar(140),
`solution` longtext,
`image` longtext,
`test_results` text,
`comments` text,
`member` varchar(140),
`_user_tags` text,
`_comments` text,
`_assign` text,
`_liked_by` text,
index modified(modified))
			ENGINE=InnoDB
			ROW_FORMAT=DYNAMIC
			CHARACTER SET=utf8mb4
			COLLATE=utf8mb4_unicode_ci
2025-08-18 16:45:29,932 WARNING database DDL Query made to DB:
create table `tabEducation Detail` (
			name varchar(140) primary key,
			creation datetime(6),
			modified datetime(6),
			modified_by varchar(140),
			owner varchar(140),
			docstatus int(1) not null default '0',
			idx int(8) not null default '0',
			`institution_name` varchar(140),
`location` varchar(140),
`degree_type` varchar(140),
`major` varchar(140),
`grade_type` varchar(140),
`grade` varchar(140),
`start_date` date,
`end_date` date,
parent varchar(140),
parentfield varchar(140),
parenttype varchar(140),
index parent(parent))
			ENGINE=InnoDB
			ROW_FORMAT=DYNAMIC
			CHARACTER SET=utf8mb4
			COLLATE=utf8mb4_unicode_ci
2025-08-18 16:45:30,109 WARNING database DDL Query made to DB:
create table `tabExercise Latest Submission` (
			name varchar(140) primary key,
			creation datetime(6),
			modified datetime(6),
			modified_by varchar(140),
			owner varchar(140),
			docstatus int(1) not null default '0',
			idx int(8) not null default '0',
			`exercise` varchar(140),
`status` varchar(140),
`batch_old` varchar(140),
`exercise_title` varchar(140),
`course` varchar(140),
`lesson` varchar(140),
`solution` longtext,
`image` longtext,
`test_results` text,
`comments` text,
`latest_submission` varchar(140),
`member` varchar(140),
`member_email` varchar(140),
`member_cohort` varchar(140),
`member_subgroup` varchar(140),
`_user_tags` text,
`_comments` text,
`_assign` text,
`_liked_by` text,
index `exercise`(`exercise`),
index `member_email`(`member_email`),
index `member_cohort`(`member_cohort`),
index `member_subgroup`(`member_subgroup`),
index modified(modified))
			ENGINE=InnoDB
			ROW_FORMAT=DYNAMIC
			CHARACTER SET=utf8mb4
			COLLATE=utf8mb4_unicode_ci
2025-08-18 16:45:30,251 WARNING database DDL Query made to DB:
create table `tabIndustry` (
			name varchar(140) primary key,
			creation datetime(6),
			modified datetime(6),
			modified_by varchar(140),
			owner varchar(140),
			docstatus int(1) not null default '0',
			idx int(8) not null default '0',
			`industry` varchar(140) unique,
`_user_tags` text,
`_comments` text,
`_assign` text,
`_liked_by` text,
index modified(modified))
			ENGINE=InnoDB
			ROW_FORMAT=DYNAMIC
			CHARACTER SET=utf8mb4
			COLLATE=utf8mb4_unicode_ci
2025-08-18 16:45:30,436 WARNING database DDL Query made to DB:
create table `tabLMS Batch Feedback` (
			name varchar(140) primary key,
			creation datetime(6),
			modified datetime(6),
			modified_by varchar(140),
			owner varchar(140),
			docstatus int(1) not null default '0',
			idx int(8) not null default '0',
			`member` varchar(140),
`member_name` varchar(140),
`member_image` text,
`batch` varchar(140),
`content` decimal(3,2),
`instructors` decimal(3,2),
`value` decimal(3,2),
`feedback` text,
`_user_tags` text,
`_comments` text,
`_assign` text,
`_liked_by` text,
index modified(modified))
			ENGINE=InnoDB
			ROW_FORMAT=DYNAMIC
			CHARACTER SET=utf8mb4
			COLLATE=utf8mb4_unicode_ci
2025-08-18 16:45:30,627 WARNING database DDL Query made to DB:
create table `tabLMS Exercise` (
			name varchar(140) primary key,
			creation datetime(6),
			modified datetime(6),
			modified_by varchar(140),
			owner varchar(140),
			docstatus int(1) not null default '0',
			idx int(8) not null default '0',
			`title` varchar(140),
`description` text,
`code` longtext,
`answer` longtext,
`course` varchar(140),
`hints` text,
`tests` longtext,
`image` longtext,
`lesson` varchar(140),
`index_` int(11) not null default 0,
`index_label` varchar(140),
`_user_tags` text,
`_comments` text,
`_assign` text,
`_liked_by` text,
index modified(modified))
			ENGINE=InnoDB
			ROW_FORMAT=DYNAMIC
			CHARACTER SET=utf8mb4
			COLLATE=utf8mb4_unicode_ci
2025-08-18 16:45:30,771 WARNING database DDL Query made to DB:
create table `tabPreferred Function` (
			name varchar(140) primary key,
			creation datetime(6),
			modified datetime(6),
			modified_by varchar(140),
			owner varchar(140),
			docstatus int(1) not null default '0',
			idx int(8) not null default '0',
			`function` varchar(140),
parent varchar(140),
parentfield varchar(140),
parenttype varchar(140),
index parent(parent))
			ENGINE=InnoDB
			ROW_FORMAT=DYNAMIC
			CHARACTER SET=utf8mb4
			COLLATE=utf8mb4_unicode_ci
2025-08-18 16:45:31,077 WARNING database DDL Query made to DB:
create table `tabLMS Batch` (
			name varchar(140) primary key,
			creation datetime(6),
			modified datetime(6),
			modified_by varchar(140),
			owner varchar(140),
			docstatus int(1) not null default '0',
			idx int(8) not null default '0',
			`title` varchar(140),
`start_date` date,
`end_date` date,
`start_time` time(6),
`end_time` time(6),
`timezone` varchar(140),
`published` int(1) not null default 0,
`allow_self_enrollment` int(1) not null default 0,
`certification` int(1) not null default 0,
`description` text,
`zoom_account` varchar(140),
`medium` varchar(140) default 'Online',
`category` varchar(140),
`confirmation_email_template` varchar(140),
`seat_count` int(11) not null default 0,
`evaluation_end_date` date,
`meta_image` text,
`batch_details` longtext,
`batch_details_raw` longtext,
`timetable_template` varchar(140),
`show_live_class` int(1) not null default 0,
`allow_future` int(1) not null default 1,
`paid_batch` int(1) not null default 0,
`amount` decimal(21,9) not null default 0,
`currency` varchar(140),
`amount_usd` decimal(21,9) not null default 0,
`custom_component` longtext,
`custom_script` longtext,
`_user_tags` text,
`_comments` text,
`_assign` text,
`_liked_by` text,
index modified(modified))
			ENGINE=InnoDB
			ROW_FORMAT=DYNAMIC
			CHARACTER SET=utf8mb4
			COLLATE=utf8mb4_unicode_ci
2025-08-18 16:45:31,258 WARNING database DDL Query made to DB:
create table `tabCohort Mentor` (
			name varchar(140) primary key,
			creation datetime(6),
			modified datetime(6),
			modified_by varchar(140),
			owner varchar(140),
			docstatus int(1) not null default '0',
			idx int(8) not null default '0',
			`cohort` varchar(140),
`email` varchar(140),
`subgroup` varchar(140),
`course` varchar(140),
`_user_tags` text,
`_comments` text,
`_assign` text,
`_liked_by` text,
index modified(modified))
			ENGINE=InnoDB
			ROW_FORMAT=DYNAMIC
			CHARACTER SET=utf8mb4
			COLLATE=utf8mb4_unicode_ci
2025-08-18 16:45:31,421 WARNING database DDL Query made to DB:
create table `tabLMS Quiz Question` (
			name varchar(140) primary key,
			creation datetime(6),
			modified datetime(6),
			modified_by varchar(140),
			owner varchar(140),
			docstatus int(1) not null default '0',
			idx int(8) not null default '0',
			`question` varchar(140),
`marks` int(11) not null default 1,
`question_detail` text,
`type` varchar(140),
parent varchar(140),
parentfield varchar(140),
parenttype varchar(140),
index parent(parent))
			ENGINE=InnoDB
			ROW_FORMAT=DYNAMIC
			CHARACTER SET=utf8mb4
			COLLATE=utf8mb4_unicode_ci
2025-08-18 16:45:31,620 WARNING database DDL Query made to DB:
create table `tabLMS Certificate Request` (
			name varchar(140) primary key,
			creation datetime(6),
			modified datetime(6),
			modified_by varchar(140),
			owner varchar(140),
			docstatus int(1) not null default '0',
			idx int(8) not null default '0',
			`course` varchar(140),
`course_title` varchar(140),
`member` varchar(140),
`member_name` varchar(140),
`evaluator` varchar(140),
`evaluator_name` varchar(140),
`batch_name` varchar(140),
`batch_title` varchar(140),
`timezone` varchar(140),
`date` date,
`day` varchar(140),
`google_meet_link` varchar(140),
`start_time` time(6),
`end_time` time(6),
`status` varchar(140),
`_user_tags` text,
`_comments` text,
`_assign` text,
`_liked_by` text,
index modified(modified))
			ENGINE=InnoDB
			ROW_FORMAT=DYNAMIC
			CHARACTER SET=utf8mb4
			COLLATE=utf8mb4_unicode_ci
2025-08-18 16:45:32,965 WARNING database DDL Query made to DB:
create table `tabJob Opportunity` (
			name varchar(140) primary key,
			creation datetime(6),
			modified datetime(6),
			modified_by varchar(140),
			owner varchar(140),
			docstatus int(1) not null default '0',
			idx int(8) not null default '0',
			`job_title` varchar(140),
`location` varchar(140),
`country` varchar(140),
`type` varchar(140) default 'Full Time',
`status` varchar(140) default 'Open',
`disabled` int(1) not null default 0,
`company_name` varchar(140),
`company_website` varchar(140),
`company_logo` text,
`company_email_address` varchar(140),
`description` longtext,
`_user_tags` text,
`_comments` text,
`_assign` text,
`_liked_by` text,
index modified(modified))
			ENGINE=InnoDB
			ROW_FORMAT=DYNAMIC
			CHARACTER SET=utf8mb4
			COLLATE=utf8mb4_unicode_ci
2025-08-18 16:45:33,142 WARNING database DDL Query made to DB:
create table `tabLMS Job Application` (
			name varchar(140) primary key,
			creation datetime(6),
			modified datetime(6),
			modified_by varchar(140),
			owner varchar(140),
			docstatus int(1) not null default '0',
			idx int(8) not null default '0',
			`user` varchar(140),
`resume` text,
`job` varchar(140),
`job_title` varchar(140),
`company` varchar(140),
`_user_tags` text,
`_comments` text,
`_assign` text,
`_liked_by` text,
index modified(modified))
			ENGINE=InnoDB
			ROW_FORMAT=DYNAMIC
			CHARACTER SET=utf8mb4
			COLLATE=utf8mb4_unicode_ci
2025-08-18 16:45:38,424 WARNING database DDL Query made to DB:
ALTER TABLE `tabUser` ADD COLUMN `country` varchar(140)
2025-08-18 16:45:38,767 WARNING database DDL Query made to DB:
ALTER TABLE `tabUser` ADD COLUMN `verify_terms` int(1) not null default 0
2025-08-18 16:45:39,120 WARNING database DDL Query made to DB:
ALTER TABLE `tabUser` ADD COLUMN `user_category` varchar(140)
2025-08-18 16:45:39,473 WARNING database DDL Query made to DB:
ALTER TABLE `tabUser` ADD COLUMN `cover_image` text
2025-08-18 16:45:39,820 WARNING database DDL Query made to DB:
ALTER TABLE `tabUser` ADD COLUMN `looking_for_job` int(1) not null default 0
2025-08-18 16:45:40,171 WARNING database DDL Query made to DB:
ALTER TABLE `tabUser` ADD COLUMN `linkedin` varchar(140)
2025-08-18 16:45:40,530 WARNING database DDL Query made to DB:
ALTER TABLE `tabUser` ADD COLUMN `github` varchar(140)
2025-08-18 16:45:40,882 WARNING database DDL Query made to DB:
ALTER TABLE `tabUser` ADD COLUMN `medium` varchar(140)
2025-08-18 16:45:41,246 WARNING database DDL Query made to DB:
ALTER TABLE `tabUser` ADD COLUMN `profession` varchar(140)
2025-08-18 16:45:41,599 WARNING database DDL Query made to DB:
ALTER TABLE `tabUser` ADD COLUMN `hide_private` int(1) not null default 0
2025-08-18 16:45:46,081 WARNING database DDL Query made to DB:
ALTER TABLE `tabUser` ADD COLUMN `preferred_location` varchar(140)
2025-08-18 16:45:47,269 WARNING database DDL Query made to DB:
ALTER TABLE `tabUser` ADD COLUMN `dream_companies` varchar(140)
2025-08-18 16:45:48,014 WARNING database DDL Query made to DB:
ALTER TABLE `tabUser` ADD COLUMN `attire` varchar(140)
2025-08-18 16:45:48,407 WARNING database DDL Query made to DB:
ALTER TABLE `tabUser` ADD COLUMN `collaboration` varchar(140)
2025-08-18 16:45:48,805 WARNING database DDL Query made to DB:
ALTER TABLE `tabUser` ADD COLUMN `role` varchar(140)
2025-08-18 16:45:49,615 WARNING database DDL Query made to DB:
ALTER TABLE `tabUser` ADD COLUMN `location_preference` varchar(140)
2025-08-18 16:45:50,020 WARNING database DDL Query made to DB:
ALTER TABLE `tabUser` ADD COLUMN `time` varchar(140)
2025-08-18 16:45:50,438 WARNING database DDL Query made to DB:
ALTER TABLE `tabUser` ADD COLUMN `company_type` varchar(140)
2025-08-18 16:45:50,872 WARNING database DDL Query made to DB:
ALTER TABLE `tabUser` ADD COLUMN `headline` varchar(140)
2025-08-18 16:45:51,288 WARNING database DDL Query made to DB:
ALTER TABLE `tabUser` ADD COLUMN `city` varchar(140)
2025-08-18 16:45:51,685 WARNING database DDL Query made to DB:
ALTER TABLE `tabUser` ADD COLUMN `college` varchar(140)
2025-08-18 16:45:52,091 WARNING database DDL Query made to DB:
ALTER TABLE `tabUser` ADD COLUMN `branch` varchar(140)
