Exception in thread Thread-1:
Traceback (most recent call last):
  File "/usr/lib/python3.10/threading.py", line 1016, in _bootstrap_inner
    self.run()
  File "/home/nastya/Frappe-local/env/lib/python3.10/site-packages/redis/client.py", line 1799, in run
    pubsub.get_message(ignore_subscribe_messages=True, timeout=sleep_time)
  File "/home/nastya/Frappe-local/env/lib/python3.10/site-packages/redis/client.py", line 1690, in get_message
    response = self.parse_response(block=(timeout is None), timeout=timeout)
  File "/home/nastya/Frappe-local/env/lib/python3.10/site-packages/redis/client.py", line 1542, in parse_response
    response = self._execute(conn, try_read)
  File "/home/nastya/Frappe-local/env/lib/python3.10/site-packages/redis/client.py", line 1518, in _execute
    return conn.retry.call_with_retry(
  File "/home/nastya/Frappe-local/env/lib/python3.10/site-packages/redis/retry.py", line 49, in call_with_retry
    fail(error)
  File "/home/nastya/Frappe-local/env/lib/python3.10/site-packages/redis/client.py", line 1520, in <lambda>
    lambda error: self._disconnect_raise_connect(conn, error),
  File "/home/nastya/Frappe-local/env/lib/python3.10/site-packages/redis/client.py", line 1507, in _disconnect_raise_connect
    raise error
  File "/home/nastya/Frappe-local/env/lib/python3.10/site-packages/redis/retry.py", line 46, in call_with_retry
    return do()
  File "/home/nastya/Frappe-local/env/lib/python3.10/site-packages/redis/client.py", line 1519, in <lambda>
    lambda: command(*args, **kwargs),
  File "/home/nastya/Frappe-local/env/lib/python3.10/site-packages/redis/client.py", line 1536, in try_read
    if not conn.can_read(timeout=timeout):
  File "/home/nastya/Frappe-local/env/lib/python3.10/site-packages/redis/connection.py", line 861, in can_read
    return self._parser.can_read(timeout)
  File "/home/nastya/Frappe-local/env/lib/python3.10/site-packages/redis/connection.py", line 444, in can_read
    return self.read_from_socket(timeout=timeout, raise_on_timeout=False)
  File "/home/nastya/Frappe-local/env/lib/python3.10/site-packages/redis/connection.py", line 455, in read_from_socket
    raise ConnectionError(SERVER_CLOSED_CONNECTION_ERROR)
redis.exceptions.ConnectionError: Connection closed by server.
Traceback (most recent call last):
  File "/home/nastya/Frappe-local/env/lib/python3.10/site-packages/redis/connection.py", line 699, in connect
    sock = self.retry.call_with_retry(
  File "/home/nastya/Frappe-local/env/lib/python3.10/site-packages/redis/retry.py", line 46, in call_with_retry
    return do()
  File "/home/nastya/Frappe-local/env/lib/python3.10/site-packages/redis/connection.py", line 700, in <lambda>
    lambda: self._connect(), lambda error: self.disconnect(error)
  File "/home/nastya/Frappe-local/env/lib/python3.10/site-packages/redis/connection.py", line 1002, in _connect
    raise err
  File "/home/nastya/Frappe-local/env/lib/python3.10/site-packages/redis/connection.py", line 990, in _connect
    sock.connect(socket_address)
ConnectionRefusedError: [Errno 111] Connection refused

During handling of the above exception, another exception occurred:

Traceback (most recent call last):
  File "/usr/lib/python3.10/runpy.py", line 196, in _run_module_as_main
    return _run_code(code, main_globals, None,
  File "/usr/lib/python3.10/runpy.py", line 86, in _run_code
    exec(code, run_globals)
  File "/home/nastya/Frappe-local/apps/frappe/frappe/utils/bench_helper.py", line 114, in <module>
    main()
  File "/home/nastya/Frappe-local/apps/frappe/frappe/utils/bench_helper.py", line 20, in main
    click.Group(commands=commands)(prog_name="bench")
  File "/home/nastya/Frappe-local/env/lib/python3.10/site-packages/click/core.py", line 1442, in __call__
    return self.main(*args, **kwargs)
  File "/home/nastya/Frappe-local/env/lib/python3.10/site-packages/click/core.py", line 1363, in main
    rv = self.invoke(ctx)
  File "/home/nastya/Frappe-local/env/lib/python3.10/site-packages/click/core.py", line 1830, in invoke
    return _process_result(sub_ctx.command.invoke(sub_ctx))
  File "/home/nastya/Frappe-local/env/lib/python3.10/site-packages/click/core.py", line 1830, in invoke
    return _process_result(sub_ctx.command.invoke(sub_ctx))
  File "/home/nastya/Frappe-local/env/lib/python3.10/site-packages/click/core.py", line 1226, in invoke
    return ctx.invoke(self.callback, **ctx.params)
  File "/home/nastya/Frappe-local/env/lib/python3.10/site-packages/click/core.py", line 794, in invoke
    return callback(*args, **kwargs)
  File "/home/nastya/Frappe-local/apps/frappe/frappe/commands/scheduler.py", line 205, in start_worker
    start_worker(
  File "/home/nastya/Frappe-local/apps/frappe/frappe/utils/background_jobs.py", line 321, in start_worker
    worker.work(
  File "/home/nastya/Frappe-local/env/lib/python3.10/site-packages/rq/worker.py", line 456, in work
    self.teardown()
  File "/home/nastya/Frappe-local/env/lib/python3.10/site-packages/rq/worker.py", line 1047, in teardown
    self.unsubscribe()
  File "/home/nastya/Frappe-local/env/lib/python3.10/site-packages/rq/worker.py", line 624, in unsubscribe
    self.pubsub.unsubscribe()
  File "/home/nastya/Frappe-local/env/lib/python3.10/site-packages/redis/client.py", line 1659, in unsubscribe
    return self.execute_command("UNSUBSCRIBE", *args)
  File "/home/nastya/Frappe-local/env/lib/python3.10/site-packages/redis/client.py", line 1479, in execute_command
    self._execute(connection, connection.send_command, *args, **kwargs)
  File "/home/nastya/Frappe-local/env/lib/python3.10/site-packages/redis/client.py", line 1518, in _execute
    return conn.retry.call_with_retry(
  File "/home/nastya/Frappe-local/env/lib/python3.10/site-packages/redis/retry.py", line 49, in call_with_retry
    fail(error)
  File "/home/nastya/Frappe-local/env/lib/python3.10/site-packages/redis/client.py", line 1520, in <lambda>
    lambda error: self._disconnect_raise_connect(conn, error),
  File "/home/nastya/Frappe-local/env/lib/python3.10/site-packages/redis/client.py", line 1507, in _disconnect_raise_connect
    raise error
  File "/home/nastya/Frappe-local/env/lib/python3.10/site-packages/redis/retry.py", line 46, in call_with_retry
    return do()
  File "/home/nastya/Frappe-local/env/lib/python3.10/site-packages/redis/client.py", line 1519, in <lambda>
    lambda: command(*args, **kwargs),
  File "/home/nastya/Frappe-local/env/lib/python3.10/site-packages/redis/connection.py", line 847, in send_command
    self.send_packed_command(
  File "/home/nastya/Frappe-local/env/lib/python3.10/site-packages/redis/connection.py", line 817, in send_packed_command
    self.connect()
  File "/home/nastya/Frappe-local/env/lib/python3.10/site-packages/redis/connection.py", line 705, in connect
    raise ConnectionError(self._error_message(e))
redis.exceptions.ConnectionError: Error 111 connecting to 127.0.0.1:11000. Connection refused.
Traceback (most recent call last):
  File "/home/nastya/Frappe-local/env/lib/python3.10/site-packages/redis/connection.py", line 699, in connect
Exception in thread     sock = self.retry.call_with_retry(
  File "/home/nastya/Frappe-local/env/lib/python3.10/site-packages/redis/retry.py", line 46, in call_with_retry
    Thread-1:
return do()Traceback (most recent call last):

  File "/usr/lib/python3.10/threading.py", line 1016, in _bootstrap_inner
  File "/home/nastya/Frappe-local/env/lib/python3.10/site-packages/redis/connection.py", line 700, in <lambda>
    lambda: self._connect(), lambda error: self.disconnect(error)
  File "/home/nastya/Frappe-local/env/lib/python3.10/site-packages/redis/connection.py", line 1002, in _connect
        raise errself.run()

  File "/home/nastya/Frappe-local/env/lib/python3.10/site-packages/redis/connection.py", line 990, in _connect
  File "/home/nastya/Frappe-local/env/lib/python3.10/site-packages/redis/client.py", line 1799, in run
    sock.connect(socket_address)
ConnectionRefusedError: [Errno 111] Connection refused

During handling of the above exception, another exception occurred:

Traceback (most recent call last):
  File "/usr/lib/python3.10/runpy.py", line 196, in _run_module_as_main
    return _run_code(code, main_globals, None,
  File "/usr/lib/python3.10/runpy.py", line 86, in _run_code
        exec(code, run_globals)pubsub.get_message(ignore_subscribe_messages=True, timeout=sleep_time)

  File "/home/nastya/Frappe-local/apps/frappe/frappe/utils/bench_helper.py", line 114, in <module>
  File "/home/nastya/Frappe-local/env/lib/python3.10/site-packages/redis/client.py", line 1690, in get_message
    main()
  File "/home/nastya/Frappe-local/apps/frappe/frappe/utils/bench_helper.py", line 20, in main
        click.Group(commands=commands)(prog_name="bench")response = self.parse_response(block=(timeout is None), timeout=timeout)

  File "/home/nastya/Frappe-local/env/lib/python3.10/site-packages/click/core.py", line 1442, in __call__
  File "/home/nastya/Frappe-local/env/lib/python3.10/site-packages/redis/client.py", line 1542, in parse_response
    response = self._execute(conn, try_read)
  File "/home/nastya/Frappe-local/env/lib/python3.10/site-packages/redis/client.py", line 1518, in _execute
    return conn.retry.call_with_retry(    
  File "/home/nastya/Frappe-local/env/lib/python3.10/site-packages/redis/retry.py", line 49, in call_with_retry
    return self.main(*args, **kwargs)
  File "/home/nastya/Frappe-local/env/lib/python3.10/site-packages/click/core.py", line 1363, in main
fail(error)
  File "/home/nastya/Frappe-local/env/lib/python3.10/site-packages/redis/client.py", line 1520, in <lambda>
        rv = self.invoke(ctx)lambda error: self._disconnect_raise_connect(conn, error),

  File "/home/nastya/Frappe-local/env/lib/python3.10/site-packages/click/core.py", line 1830, in invoke
  File "/home/nastya/Frappe-local/env/lib/python3.10/site-packages/redis/client.py", line 1507, in _disconnect_raise_connect
        raise error
return _process_result(sub_ctx.command.invoke(sub_ctx))  File "/home/nastya/Frappe-local/env/lib/python3.10/site-packages/redis/retry.py", line 46, in call_with_retry

  File "/home/nastya/Frappe-local/env/lib/python3.10/site-packages/click/core.py", line 1830, in invoke
    return do()
  File "/home/nastya/Frappe-local/env/lib/python3.10/site-packages/redis/client.py", line 1519, in <lambda>
    return _process_result(sub_ctx.command.invoke(sub_ctx))
  File "/home/nastya/Frappe-local/env/lib/python3.10/site-packages/click/core.py", line 1226, in invoke
        lambda: command(*args, **kwargs),return ctx.invoke(self.callback, **ctx.params)
  File "/home/nastya/Frappe-local/env/lib/python3.10/site-packages/click/core.py", line 794, in invoke

  File "/home/nastya/Frappe-local/env/lib/python3.10/site-packages/redis/client.py", line 1536, in try_read
    return callback(*args, **kwargs)
  File "/home/nastya/Frappe-local/apps/frappe/frappe/commands/scheduler.py", line 205, in start_worker
    if not conn.can_read(timeout=timeout):
  File "/home/nastya/Frappe-local/env/lib/python3.10/site-packages/redis/connection.py", line 861, in can_read
    return self._parser.can_read(timeout)    
start_worker(  File "/home/nastya/Frappe-local/env/lib/python3.10/site-packages/redis/connection.py", line 444, in can_read

  File "/home/nastya/Frappe-local/apps/frappe/frappe/utils/background_jobs.py", line 321, in start_worker
    return self.read_from_socket(timeout=timeout, raise_on_timeout=False)    
worker.work(  File "/home/nastya/Frappe-local/env/lib/python3.10/site-packages/redis/connection.py", line 455, in read_from_socket

  File "/home/nastya/Frappe-local/env/lib/python3.10/site-packages/rq/worker.py", line 456, in work
    raise ConnectionError(SERVER_CLOSED_CONNECTION_ERROR)
redis.exceptions.ConnectionError: Connection closed by server.
    self.teardown()
  File "/home/nastya/Frappe-local/env/lib/python3.10/site-packages/rq/worker.py", line 1046, in teardown
    self.register_death()
  File "/home/nastya/Frappe-local/env/lib/python3.10/site-packages/rq/worker.py", line 832, in register_death
    p.execute()
  File "/home/nastya/Frappe-local/env/lib/python3.10/site-packages/redis/client.py", line 2114, in execute
    conn = self.connection_pool.get_connection("MULTI", self.shard_hint)
  File "/home/nastya/Frappe-local/env/lib/python3.10/site-packages/redis/connection.py", line 1457, in get_connection
    connection.connect()
  File "/home/nastya/Frappe-local/env/lib/python3.10/site-packages/redis/connection.py", line 705, in connect
    raise ConnectionError(self._error_message(e))
redis.exceptions.ConnectionError: Error 111 connecting to 127.0.0.1:11000. Connection refused.
Exception in thread Thread-1:
Traceback (most recent call last):
  File "/usr/lib/python3.10/threading.py", line 1016, in _bootstrap_inner
    self.run()
  File "/home/nastya/Frappe-local/env/lib/python3.10/site-packages/redis/client.py", line 1799, in run
    pubsub.get_message(ignore_subscribe_messages=True, timeout=sleep_time)
  File "/home/nastya/Frappe-local/env/lib/python3.10/site-packages/redis/client.py", line 1690, in get_message
    response = self.parse_response(block=(timeout is None), timeout=timeout)
  File "/home/nastya/Frappe-local/env/lib/python3.10/site-packages/redis/client.py", line 1542, in parse_response
    response = self._execute(conn, try_read)
  File "/home/nastya/Frappe-local/env/lib/python3.10/site-packages/redis/client.py", line 1518, in _execute
    return conn.retry.call_with_retry(
  File "/home/nastya/Frappe-local/env/lib/python3.10/site-packages/redis/retry.py", line 49, in call_with_retry
    fail(error)
  File "/home/nastya/Frappe-local/env/lib/python3.10/site-packages/redis/client.py", line 1520, in <lambda>
    lambda error: self._disconnect_raise_connect(conn, error),
  File "/home/nastya/Frappe-local/env/lib/python3.10/site-packages/redis/client.py", line 1507, in _disconnect_raise_connect
    raise error
  File "/home/nastya/Frappe-local/env/lib/python3.10/site-packages/redis/retry.py", line 46, in call_with_retry
    return do()
  File "/home/nastya/Frappe-local/env/lib/python3.10/site-packages/redis/client.py", line 1519, in <lambda>
    lambda: command(*args, **kwargs),
  File "/home/nastya/Frappe-local/env/lib/python3.10/site-packages/redis/client.py", line 1536, in try_read
    if not conn.can_read(timeout=timeout):
  File "/home/nastya/Frappe-local/env/lib/python3.10/site-packages/redis/connection.py", line 861, in can_read
    return self._parser.can_read(timeout)
  File "/home/nastya/Frappe-local/env/lib/python3.10/site-packages/redis/connection.py", line 444, in can_read
    return self.read_from_socket(timeout=timeout, raise_on_timeout=False)
  File "/home/nastya/Frappe-local/env/lib/python3.10/site-packages/redis/connection.py", line 455, in read_from_socket
    raise ConnectionError(SERVER_CLOSED_CONNECTION_ERROR)
redis.exceptions.ConnectionError: Connection closed by server.
Traceback (most recent call last):
  File "/home/nastya/Frappe-local/env/lib/python3.10/site-packages/redis/connection.py", line 699, in connect
    sock = self.retry.call_with_retry(
  File "/home/nastya/Frappe-local/env/lib/python3.10/site-packages/redis/retry.py", line 46, in call_with_retry
    return do()
  File "/home/nastya/Frappe-local/env/lib/python3.10/site-packages/redis/connection.py", line 700, in <lambda>
    lambda: self._connect(), lambda error: self.disconnect(error)
  File "/home/nastya/Frappe-local/env/lib/python3.10/site-packages/redis/connection.py", line 1002, in _connect
    raise err
  File "/home/nastya/Frappe-local/env/lib/python3.10/site-packages/redis/connection.py", line 990, in _connect
    sock.connect(socket_address)
ConnectionRefusedError: [Errno 111] Connection refused

During handling of the above exception, another exception occurred:

Traceback (most recent call last):
  File "/usr/lib/python3.10/runpy.py", line 196, in _run_module_as_main
    return _run_code(code, main_globals, None,
  File "/usr/lib/python3.10/runpy.py", line 86, in _run_code
    exec(code, run_globals)
  File "/home/nastya/Frappe-local/apps/frappe/frappe/utils/bench_helper.py", line 114, in <module>
    main()
  File "/home/nastya/Frappe-local/apps/frappe/frappe/utils/bench_helper.py", line 20, in main
    click.Group(commands=commands)(prog_name="bench")
  File "/home/nastya/Frappe-local/env/lib/python3.10/site-packages/click/core.py", line 1442, in __call__
    return self.main(*args, **kwargs)
  File "/home/nastya/Frappe-local/env/lib/python3.10/site-packages/click/core.py", line 1363, in main
    rv = self.invoke(ctx)
  File "/home/nastya/Frappe-local/env/lib/python3.10/site-packages/click/core.py", line 1830, in invoke
    return _process_result(sub_ctx.command.invoke(sub_ctx))
  File "/home/nastya/Frappe-local/env/lib/python3.10/site-packages/click/core.py", line 1830, in invoke
    return _process_result(sub_ctx.command.invoke(sub_ctx))
  File "/home/nastya/Frappe-local/env/lib/python3.10/site-packages/click/core.py", line 1226, in invoke
    return ctx.invoke(self.callback, **ctx.params)
  File "/home/nastya/Frappe-local/env/lib/python3.10/site-packages/click/core.py", line 794, in invoke
    return callback(*args, **kwargs)
  File "/home/nastya/Frappe-local/apps/frappe/frappe/commands/scheduler.py", line 205, in start_worker
    start_worker(
  File "/home/nastya/Frappe-local/apps/frappe/frappe/utils/background_jobs.py", line 321, in start_worker
    worker.work(
  File "/home/nastya/Frappe-local/env/lib/python3.10/site-packages/rq/worker.py", line 456, in work
    self.teardown()
  File "/home/nastya/Frappe-local/env/lib/python3.10/site-packages/rq/worker.py", line 1047, in teardown
    self.unsubscribe()
  File "/home/nastya/Frappe-local/env/lib/python3.10/site-packages/rq/worker.py", line 624, in unsubscribe
    self.pubsub.unsubscribe()
  File "/home/nastya/Frappe-local/env/lib/python3.10/site-packages/redis/client.py", line 1659, in unsubscribe
    return self.execute_command("UNSUBSCRIBE", *args)
  File "/home/nastya/Frappe-local/env/lib/python3.10/site-packages/redis/client.py", line 1479, in execute_command
    self._execute(connection, connection.send_command, *args, **kwargs)
  File "/home/nastya/Frappe-local/env/lib/python3.10/site-packages/redis/client.py", line 1518, in _execute
    return conn.retry.call_with_retry(
  File "/home/nastya/Frappe-local/env/lib/python3.10/site-packages/redis/retry.py", line 49, in call_with_retry
    fail(error)
  File "/home/nastya/Frappe-local/env/lib/python3.10/site-packages/redis/client.py", line 1520, in <lambda>
    lambda error: self._disconnect_raise_connect(conn, error),
  File "/home/nastya/Frappe-local/env/lib/python3.10/site-packages/redis/client.py", line 1507, in _disconnect_raise_connect
    raise error
  File "/home/nastya/Frappe-local/env/lib/python3.10/site-packages/redis/retry.py", line 46, in call_with_retry
    return do()
  File "/home/nastya/Frappe-local/env/lib/python3.10/site-packages/redis/client.py", line 1519, in <lambda>
    lambda: command(*args, **kwargs),
  File "/home/nastya/Frappe-local/env/lib/python3.10/site-packages/redis/connection.py", line 847, in send_command
    self.send_packed_command(
  File "/home/nastya/Frappe-local/env/lib/python3.10/site-packages/redis/connection.py", line 817, in send_packed_command
    self.connect()
  File "/home/nastya/Frappe-local/env/lib/python3.10/site-packages/redis/connection.py", line 705, in connect
    raise ConnectionError(self._error_message(e))
redis.exceptions.ConnectionError: Error 111 connecting to 127.0.0.1:11000. Connection refused.
Traceback (most recent call last):
Exception in thread   File "/usr/lib/python3.10/runpy.py", line 196, in _run_module_as_main
Thread-1:
Traceback (most recent call last):
  File "/usr/lib/python3.10/threading.py", line 1016, in _bootstrap_inner
    self.run()
  File "/home/nastya/Frappe-local/env/lib/python3.10/site-packages/redis/client.py", line 1799, in run
    return _run_code(code, main_globals, None,
  File "/usr/lib/python3.10/runpy.py", line 86, in _run_code
    exec(code, run_globals)
  File "/home/nastya/Frappe-local/apps/frappe/frappe/utils/bench_helper.py", line 114, in <module>
        pubsub.get_message(ignore_subscribe_messages=True, timeout=sleep_time)main()

  File "/home/nastya/Frappe-local/env/lib/python3.10/site-packages/redis/client.py", line 1690, in get_message
  File "/home/nastya/Frappe-local/apps/frappe/frappe/utils/bench_helper.py", line 20, in main
    response = self.parse_response(block=(timeout is None), timeout=timeout)
  File "/home/nastya/Frappe-local/env/lib/python3.10/site-packages/redis/client.py", line 1542, in parse_response
    response = self._execute(conn, try_read)
  File "/home/nastya/Frappe-local/env/lib/python3.10/site-packages/redis/client.py", line 1518, in _execute
    return conn.retry.call_with_retry(
  File "/home/nastya/Frappe-local/env/lib/python3.10/site-packages/redis/retry.py", line 49, in call_with_retry
        click.Group(commands=commands)(prog_name="bench")
  File "/home/nastya/Frappe-local/env/lib/python3.10/site-packages/click/core.py", line 1442, in __call__
    return self.main(*args, **kwargs)
  File "/home/nastya/Frappe-local/env/lib/python3.10/site-packages/click/core.py", line 1363, in main
    rv = self.invoke(ctx)fail(error)
  File "/home/nastya/Frappe-local/env/lib/python3.10/site-packages/redis/client.py", line 1520, in <lambda>
    lambda error: self._disconnect_raise_connect(conn, error),
  File "/home/nastya/Frappe-local/env/lib/python3.10/site-packages/redis/client.py", line 1507, in _disconnect_raise_connect
    raise error
  File "/home/nastya/Frappe-local/env/lib/python3.10/site-packages/redis/retry.py", line 46, in call_with_retry
    return do()
  File "/home/nastya/Frappe-local/env/lib/python3.10/site-packages/redis/client.py", line 1519, in <lambda>
    lambda: command(*args, **kwargs),
  File "/home/nastya/Frappe-local/env/lib/python3.10/site-packages/redis/client.py", line 1536, in try_read
    if not conn.can_read(timeout=timeout):
  File "/home/nastya/Frappe-local/env/lib/python3.10/site-packages/redis/connection.py", line 861, in can_read

  File "/home/nastya/Frappe-local/env/lib/python3.10/site-packages/click/core.py", line 1830, in invoke
    return _process_result(sub_ctx.command.invoke(sub_ctx))
  File "/home/nastya/Frappe-local/env/lib/python3.10/site-packages/click/core.py", line 1830, in invoke
    return self._parser.can_read(timeout)
  File "/home/nastya/Frappe-local/env/lib/python3.10/site-packages/redis/connection.py", line 444, in can_read
    return self.read_from_socket(timeout=timeout, raise_on_timeout=False)
  File "/home/nastya/Frappe-local/env/lib/python3.10/site-packages/redis/connection.py", line 455, in read_from_socket
    raise ConnectionError(SERVER_CLOSED_CONNECTION_ERROR)
redis.exceptions.ConnectionError: Connection closed by server.
    return _process_result(sub_ctx.command.invoke(sub_ctx))
  File "/home/nastya/Frappe-local/env/lib/python3.10/site-packages/click/core.py", line 1226, in invoke
    return ctx.invoke(self.callback, **ctx.params)
  File "/home/nastya/Frappe-local/env/lib/python3.10/site-packages/click/core.py", line 794, in invoke
    return callback(*args, **kwargs)
  File "/home/nastya/Frappe-local/apps/frappe/frappe/commands/scheduler.py", line 205, in start_worker
    start_worker(
  File "/home/nastya/Frappe-local/apps/frappe/frappe/utils/background_jobs.py", line 321, in start_worker
    worker.work(
  File "/home/nastya/Frappe-local/env/lib/python3.10/site-packages/rq/worker.py", line 456, in work
    self.teardown()
  File "/home/nastya/Frappe-local/env/lib/python3.10/site-packages/rq/worker.py", line 1046, in teardown
    self.register_death()
  File "/home/nastya/Frappe-local/env/lib/python3.10/site-packages/rq/worker.py", line 832, in register_death
    p.execute()
  File "/home/nastya/Frappe-local/env/lib/python3.10/site-packages/redis/client.py", line 2120, in execute
    return conn.retry.call_with_retry(
  File "/home/nastya/Frappe-local/env/lib/python3.10/site-packages/redis/retry.py", line 49, in call_with_retry
    fail(error)
  File "/home/nastya/Frappe-local/env/lib/python3.10/site-packages/redis/client.py", line 2122, in <lambda>
    lambda error: self._disconnect_raise_reset(conn, error),
  File "/home/nastya/Frappe-local/env/lib/python3.10/site-packages/redis/retry.py", line 46, in call_with_retry
    return do()
  File "/home/nastya/Frappe-local/env/lib/python3.10/site-packages/redis/client.py", line 2121, in <lambda>
    lambda: execute(conn, stack, raise_on_error),
  File "/home/nastya/Frappe-local/env/lib/python3.10/site-packages/redis/client.py", line 1975, in _execute_transaction
    self.parse_response(connection, "_")
  File "/home/nastya/Frappe-local/env/lib/python3.10/site-packages/redis/client.py", line 2060, in parse_response
    result = Redis.parse_response(self, connection, command_name, **options)
  File "/home/nastya/Frappe-local/env/lib/python3.10/site-packages/redis/client.py", line 1286, in parse_response
    response = connection.read_response()
  File "/home/nastya/Frappe-local/env/lib/python3.10/site-packages/redis/connection.py", line 874, in read_response
    response = self._parser.read_response(disable_decoding=disable_decoding)
  File "/home/nastya/Frappe-local/env/lib/python3.10/site-packages/redis/connection.py", line 493, in read_response
    self.read_from_socket()
  File "/home/nastya/Frappe-local/env/lib/python3.10/site-packages/redis/connection.py", line 455, in read_from_socket
    raise ConnectionError(SERVER_CLOSED_CONNECTION_ERROR)
redis.exceptions.ConnectionError: Connection closed by server.
Traceback (most recent call last):
  File "/home/nastya/Frappe-local/env/lib/python3.10/site-packages/redis/connection.py", line 699, in connect
    sock = self.retry.call_with_retry(
  File "/home/nastya/Frappe-local/env/lib/python3.10/site-packages/redis/retry.py", line 46, in call_with_retry
    return do()
  File "/home/nastya/Frappe-local/env/lib/python3.10/site-packages/redis/connection.py", line 700, in <lambda>
    lambda: self._connect(), lambda error: self.disconnect(error)
  File "/home/nastya/Frappe-local/env/lib/python3.10/site-packages/redis/connection.py", line 1002, in _connect
    raise err
  File "/home/nastya/Frappe-local/env/lib/python3.10/site-packages/redis/connection.py", line 990, in _connect
    sock.connect(socket_address)
ConnectionRefusedError: [Errno 111] Connection refused

During handling of the above exception, another exception occurred:

Traceback (most recent call last):
  File "/usr/lib/python3.10/runpy.py", line 196, in _run_module_as_main
    return _run_code(code, main_globals, None,
  File "/usr/lib/python3.10/runpy.py", line 86, in _run_code
    exec(code, run_globals)
  File "/home/nastya/Frappe-local/apps/frappe/frappe/utils/bench_helper.py", line 114, in <module>
    main()
  File "/home/nastya/Frappe-local/apps/frappe/frappe/utils/bench_helper.py", line 20, in main
    click.Group(commands=commands)(prog_name="bench")
  File "/home/nastya/Frappe-local/env/lib/python3.10/site-packages/click/core.py", line 1442, in __call__
    return self.main(*args, **kwargs)
  File "/home/nastya/Frappe-local/env/lib/python3.10/site-packages/click/core.py", line 1363, in main
    rv = self.invoke(ctx)
  File "/home/nastya/Frappe-local/env/lib/python3.10/site-packages/click/core.py", line 1830, in invoke
    return _process_result(sub_ctx.command.invoke(sub_ctx))
  File "/home/nastya/Frappe-local/env/lib/python3.10/site-packages/click/core.py", line 1830, in invoke
    return _process_result(sub_ctx.command.invoke(sub_ctx))
  File "/home/nastya/Frappe-local/env/lib/python3.10/site-packages/click/core.py", line 1226, in invoke
    return ctx.invoke(self.callback, **ctx.params)
  File "/home/nastya/Frappe-local/env/lib/python3.10/site-packages/click/core.py", line 794, in invoke
Exception in thread Thread-1:
Traceback (most recent call last):
  File "/usr/lib/python3.10/threading.py", line 1016, in _bootstrap_inner
    self.run()
  File "/home/nastya/Frappe-local/env/lib/python3.10/site-packages/redis/client.py", line 1799, in run
    pubsub.get_message(ignore_subscribe_messages=True, timeout=sleep_time)
  File "/home/nastya/Frappe-local/env/lib/python3.10/site-packages/redis/client.py", line 1690, in get_message
    response = self.parse_response(block=(timeout is None), timeout=timeout)
  File "/home/nastya/Frappe-local/env/lib/python3.10/site-packages/redis/client.py", line 1542, in parse_response
    return callback(*args, **kwargs)
  File "/home/nastya/Frappe-local/apps/frappe/frappe/commands/scheduler.py", line 205, in start_worker
    start_worker(
  File "/home/nastya/Frappe-local/apps/frappe/frappe/utils/background_jobs.py", line 321, in start_worker
    worker.work(
  File "/home/nastya/Frappe-local/env/lib/python3.10/site-packages/rq/worker.py", line 456, in work
    self.teardown()
  File "/home/nastya/Frappe-local/env/lib/python3.10/site-packages/rq/worker.py", line 1046, in teardown
    self.register_death()
  File "/home/nastya/Frappe-local/env/lib/python3.10/site-packages/rq/worker.py", line 832, in register_death
    p.execute()
  File "/home/nastya/Frappe-local/env/lib/python3.10/site-packages/redis/client.py", line 2114, in execute
    conn = self.connection_pool.get_connection("MULTI", self.shard_hint)
  File "/home/nastya/Frappe-local/env/lib/python3.10/site-packages/redis/connection.py", line 1457, in get_connection
    response = self._execute(conn, try_read)
  File "/home/nastya/Frappe-local/env/lib/python3.10/site-packages/redis/client.py", line 1518, in _execute
    return conn.retry.call_with_retry(
  File "/home/nastya/Frappe-local/env/lib/python3.10/site-packages/redis/retry.py", line 49, in call_with_retry
    fail(error)
  File "/home/nastya/Frappe-local/env/lib/python3.10/site-packages/redis/client.py", line 1520, in <lambda>
    lambda error: self._disconnect_raise_connect(conn, error),
  File "/home/nastya/Frappe-local/env/lib/python3.10/site-packages/redis/client.py", line 1507, in _disconnect_raise_connect
    raise error
  File "/home/nastya/Frappe-local/env/lib/python3.10/site-packages/redis/retry.py", line 46, in call_with_retry
    return do()
  File "/home/nastya/Frappe-local/env/lib/python3.10/site-packages/redis/client.py", line 1519, in <lambda>
    lambda: command(*args, **kwargs),
  File "/home/nastya/Frappe-local/env/lib/python3.10/site-packages/redis/client.py", line 1536, in try_read
    connection.connect()
  File "/home/nastya/Frappe-local/env/lib/python3.10/site-packages/redis/connection.py", line 705, in connect
    raise ConnectionError(self._error_message(e))
redis.exceptions.ConnectionError: Error 111 connecting to 127.0.0.1:11000. Connection refused.
Exception in thread Thread-1:
Traceback (most recent call last):
  File "/usr/lib/python3.10/threading.py", line 1016, in _bootstrap_inner
    self.run()
  File "/home/nastya/Frappe-local/env/lib/python3.10/site-packages/redis/client.py", line 1799, in run
    pubsub.get_message(ignore_subscribe_messages=True, timeout=sleep_time)
  File "/home/nastya/Frappe-local/env/lib/python3.10/site-packages/redis/client.py", line 1690, in get_message
    response = self.parse_response(block=(timeout is None), timeout=timeout)
  File "/home/nastya/Frappe-local/env/lib/python3.10/site-packages/redis/client.py", line 1542, in parse_response
    response = self._execute(conn, try_read)
  File "/home/nastya/Frappe-local/env/lib/python3.10/site-packages/redis/client.py", line 1518, in _execute
    return conn.retry.call_with_retry(
  File "/home/nastya/Frappe-local/env/lib/python3.10/site-packages/redis/retry.py", line 49, in call_with_retry
    fail(error)
  File "/home/nastya/Frappe-local/env/lib/python3.10/site-packages/redis/client.py", line 1520, in <lambda>
    lambda error: self._disconnect_raise_connect(conn, error),
  File "/home/nastya/Frappe-local/env/lib/python3.10/site-packages/redis/client.py", line 1507, in _disconnect_raise_connect
    raise error
  File "/home/nastya/Frappe-local/env/lib/python3.10/site-packages/redis/retry.py", line 46, in call_with_retry
    return do()
  File "/home/nastya/Frappe-local/env/lib/python3.10/site-packages/redis/client.py", line 1519, in <lambda>
    lambda: command(*args, **kwargs),
  File "/home/nastya/Frappe-local/env/lib/python3.10/site-packages/redis/client.py", line 1536, in try_read
    if not conn.can_read(timeout=timeout):
  File "/home/nastya/Frappe-local/env/lib/python3.10/site-packages/redis/connection.py", line 861, in can_read
    return self._parser.can_read(timeout)
  File "/home/nastya/Frappe-local/env/lib/python3.10/site-packages/redis/connection.py", line 444, in can_read
    return self.read_from_socket(timeout=timeout, raise_on_timeout=False)
  File "/home/nastya/Frappe-local/env/lib/python3.10/site-packages/redis/connection.py", line 455, in read_from_socket
    raise ConnectionError(SERVER_CLOSED_CONNECTION_ERROR)
redis.exceptions.ConnectionError: Connection closed by server.
Traceback (most recent call last):
  File "/home/nastya/Frappe-local/env/lib/python3.10/site-packages/redis/connection.py", line 699, in connect
    sock = self.retry.call_with_retry(
  File "/home/nastya/Frappe-local/env/lib/python3.10/site-packages/redis/retry.py", line 46, in call_with_retry
    return do()
  File "/home/nastya/Frappe-local/env/lib/python3.10/site-packages/redis/connection.py", line 700, in <lambda>
    lambda: self._connect(), lambda error: self.disconnect(error)
  File "/home/nastya/Frappe-local/env/lib/python3.10/site-packages/redis/connection.py", line 1002, in _connect
    raise err
  File "/home/nastya/Frappe-local/env/lib/python3.10/site-packages/redis/connection.py", line 990, in _connect
    sock.connect(socket_address)
ConnectionRefusedError: [Errno 111] Connection refused

During handling of the above exception, another exception occurred:

Traceback (most recent call last):
  File "/usr/lib/python3.10/runpy.py", line 196, in _run_module_as_main
    return _run_code(code, main_globals, None,
  File "/usr/lib/python3.10/runpy.py", line 86, in _run_code
    exec(code, run_globals)
  File "/home/nastya/Frappe-local/apps/frappe/frappe/utils/bench_helper.py", line 114, in <module>
    main()
  File "/home/nastya/Frappe-local/apps/frappe/frappe/utils/bench_helper.py", line 20, in main
    click.Group(commands=commands)(prog_name="bench")
  File "/home/nastya/Frappe-local/env/lib/python3.10/site-packages/click/core.py", line 1442, in __call__
    return self.main(*args, **kwargs)
  File "/home/nastya/Frappe-local/env/lib/python3.10/site-packages/click/core.py", line 1363, in main
    rv = self.invoke(ctx)
  File "/home/nastya/Frappe-local/env/lib/python3.10/site-packages/click/core.py", line 1830, in invoke
    return _process_result(sub_ctx.command.invoke(sub_ctx))
  File "/home/nastya/Frappe-local/env/lib/python3.10/site-packages/click/core.py", line 1830, in invoke
    return _process_result(sub_ctx.command.invoke(sub_ctx))
  File "/home/nastya/Frappe-local/env/lib/python3.10/site-packages/click/core.py", line 1226, in invoke
    return ctx.invoke(self.callback, **ctx.params)
  File "/home/nastya/Frappe-local/env/lib/python3.10/site-packages/click/core.py", line 794, in invoke
    return callback(*args, **kwargs)
  File "/home/nastya/Frappe-local/apps/frappe/frappe/commands/scheduler.py", line 205, in start_worker
    start_worker(
  File "/home/nastya/Frappe-local/apps/frappe/frappe/utils/background_jobs.py", line 321, in start_worker
    worker.work(
  File "/home/nastya/Frappe-local/env/lib/python3.10/site-packages/rq/worker.py", line 456, in work
    self.teardown()
  File "/home/nastya/Frappe-local/env/lib/python3.10/site-packages/rq/worker.py", line 1047, in teardown
    self.unsubscribe()
  File "/home/nastya/Frappe-local/env/lib/python3.10/site-packages/rq/worker.py", line 624, in unsubscribe
    self.pubsub.unsubscribe()
  File "/home/nastya/Frappe-local/env/lib/python3.10/site-packages/redis/client.py", line 1659, in unsubscribe
    return self.execute_command("UNSUBSCRIBE", *args)
  File "/home/nastya/Frappe-local/env/lib/python3.10/site-packages/redis/client.py", line 1479, in execute_command
    self._execute(connection, connection.send_command, *args, **kwargs)
  File "/home/nastya/Frappe-local/env/lib/python3.10/site-packages/redis/client.py", line 1518, in _execute
    return conn.retry.call_with_retry(
  File "/home/nastya/Frappe-local/env/lib/python3.10/site-packages/redis/retry.py", line 49, in call_with_retry
    fail(error)
  File "/home/nastya/Frappe-local/env/lib/python3.10/site-packages/redis/client.py", line 1520, in <lambda>
    lambda error: self._disconnect_raise_connect(conn, error),
  File "/home/nastya/Frappe-local/env/lib/python3.10/site-packages/redis/client.py", line 1507, in _disconnect_raise_connect
    raise error
  File "/home/nastya/Frappe-local/env/lib/python3.10/site-packages/redis/retry.py", line 46, in call_with_retry
    return do()
  File "/home/nastya/Frappe-local/env/lib/python3.10/site-packages/redis/client.py", line 1519, in <lambda>
    lambda: command(*args, **kwargs),
  File "/home/nastya/Frappe-local/env/lib/python3.10/site-packages/redis/connection.py", line 847, in send_command
    self.send_packed_command(
  File "/home/nastya/Frappe-local/env/lib/python3.10/site-packages/redis/connection.py", line 817, in send_packed_command
    self.connect()
  File "/home/nastya/Frappe-local/env/lib/python3.10/site-packages/redis/connection.py", line 705, in connect
    raise ConnectionError(self._error_message(e))
redis.exceptions.ConnectionError: Error 111 connecting to 127.0.0.1:11000. Connection refused.
