2025-08-18 16:28:34,430 Worker rq:worker:73efe29159e54aabaa247050df2c0c1c started with PID 15555, version 1.15.1
2025-08-18 16:28:34,430 Subscribing to channel rq:pubsub:73efe29159e54aabaa247050df2c0c1c
2025-08-18 16:28:34,433 *** Listening on home-nastya-Frappe-local:short, home-nastya-Frappe-local:default, home-nastya-Frappe-local:long...
2025-08-18 16:28:34,434 Cleaning registries for queue: home-nastya-Frappe-local:short
2025-08-18 16:28:34,437 Cleaning registries for queue: home-nastya-Frappe-local:default
2025-08-18 16:28:34,439 Cleaning registries for queue: home-nastya-Frappe-local:long
2025-08-18 16:33:51,833 Worker 73efe29159e54aabaa247050df2c0c1c [PID 15555]: warm shut down requested
2025-08-18 16:33:51,836 Unsubscribing from channel rq:pubsub:73efe29159e54aabaa247050df2c0c1c
2025-08-18 16:34:23,987 Worker rq:worker:61b08ae0216d4331ae7905f065451808 started with PID 16134, version 1.15.1
2025-08-18 16:34:23,987 Subscribing to channel rq:pubsub:61b08ae0216d4331ae7905f065451808
2025-08-18 16:34:23,991 *** Listening on home-nastya-Frappe-local:short, home-nastya-Frappe-local:default, home-nastya-Frappe-local:long...
2025-08-18 16:47:54,062 Cleaning registries for queue: home-nastya-Frappe-local:short
2025-08-18 16:47:54,103 Cleaning registries for queue: home-nastya-Frappe-local:default
2025-08-18 16:47:54,105 Cleaning registries for queue: home-nastya-Frappe-local:long
2025-08-18 17:14:54,296 Cleaning registries for queue: home-nastya-Frappe-local:short
2025-08-18 17:14:54,299 Cleaning registries for queue: home-nastya-Frappe-local:default
2025-08-18 17:14:54,301 Cleaning registries for queue: home-nastya-Frappe-local:long
2025-08-18 17:41:54,394 Cleaning registries for queue: home-nastya-Frappe-local:short
2025-08-18 17:41:54,397 Cleaning registries for queue: home-nastya-Frappe-local:default
2025-08-18 17:41:54,399 Cleaning registries for queue: home-nastya-Frappe-local:long
2025-08-18 18:08:54,462 Cleaning registries for queue: home-nastya-Frappe-local:short
2025-08-18 18:08:54,465 Cleaning registries for queue: home-nastya-Frappe-local:default
2025-08-18 18:08:54,468 Cleaning registries for queue: home-nastya-Frappe-local:long
2025-08-18 18:35:54,722 Cleaning registries for queue: home-nastya-Frappe-local:short
2025-08-18 18:35:54,727 Cleaning registries for queue: home-nastya-Frappe-local:default
2025-08-18 18:35:54,731 Cleaning registries for queue: home-nastya-Frappe-local:long
2025-08-18 18:55:03,523 Worker 61b08ae0216d4331ae7905f065451808 [PID 16134]: warm shut down requested
2025-08-18 18:57:43,524 Worker rq:worker:85d4a7fdc01f4bd899d7f65a7a63c09d started with PID 24232, version 1.15.1
2025-08-18 18:57:43,525 Subscribing to channel rq:pubsub:85d4a7fdc01f4bd899d7f65a7a63c09d
2025-08-18 18:57:43,527 *** Listening on home-nastya-Frappe-local:short, home-nastya-Frappe-local:default, home-nastya-Frappe-local:long...
2025-08-18 18:57:43,529 Cleaning registries for queue: home-nastya-Frappe-local:short
2025-08-18 18:57:43,534 Cleaning registries for queue: home-nastya-Frappe-local:default
2025-08-18 18:57:43,537 Cleaning registries for queue: home-nastya-Frappe-local:long
2025-08-18 19:24:43,646 Cleaning registries for queue: home-nastya-Frappe-local:short
2025-08-18 19:24:43,648 Cleaning registries for queue: home-nastya-Frappe-local:default
2025-08-18 19:24:43,651 Cleaning registries for queue: home-nastya-Frappe-local:long
2025-08-18 19:51:43,842 Cleaning registries for queue: home-nastya-Frappe-local:short
2025-08-18 19:51:43,844 Cleaning registries for queue: home-nastya-Frappe-local:default
2025-08-18 19:51:43,847 Cleaning registries for queue: home-nastya-Frappe-local:long
2025-08-18 19:58:54,780 Worker 85d4a7fdc01f4bd899d7f65a7a63c09d [PID 24232]: warm shut down requested
2025-08-18 19:58:54,783 Unsubscribing from channel rq:pubsub:85d4a7fdc01f4bd899d7f65a7a63c09d
2025-08-18 20:01:29,912 Worker rq:worker:682fad6a20034fc896cc14f8b87ada80 started with PID 30145, version 1.15.1
2025-08-18 20:01:29,912 Subscribing to channel rq:pubsub:682fad6a20034fc896cc14f8b87ada80
2025-08-18 20:01:29,914 *** Listening on home-nastya-Frappe-local:short, home-nastya-Frappe-local:default, home-nastya-Frappe-local:long...
2025-08-18 20:04:49,193 Worker 682fad6a20034fc896cc14f8b87ada80 [PID 30145]: warm shut down requested
2025-08-18 20:04:49,195 Unsubscribing from channel rq:pubsub:682fad6a20034fc896cc14f8b87ada80
2025-08-18 20:07:50,705 Worker rq:worker:066a8f771be841478a2585dae8ed0ea8 started with PID 30779, version 1.15.1
2025-08-18 20:07:50,705 Subscribing to channel rq:pubsub:066a8f771be841478a2585dae8ed0ea8
2025-08-18 20:07:50,707 *** Listening on home-nastya-Frappe-local:short, home-nastya-Frappe-local:default, home-nastya-Frappe-local:long...
2025-08-18 20:07:50,709 Cleaning registries for queue: home-nastya-Frappe-local:short
2025-08-18 20:07:50,712 Cleaning registries for queue: home-nastya-Frappe-local:default
2025-08-18 20:07:50,715 Cleaning registries for queue: home-nastya-Frappe-local:long
2025-08-18 20:09:58,541 Worker 066a8f771be841478a2585dae8ed0ea8 [PID 30779]: warm shut down requested
2025-08-18 20:09:58,543 Unsubscribing from channel rq:pubsub:066a8f771be841478a2585dae8ed0ea8
2025-08-18 20:14:19,961 Worker rq:worker:cc0e4ddccde94dcca7b987e33670ef02 started with PID 31268, version 1.15.1
2025-08-18 20:14:19,961 Subscribing to channel rq:pubsub:cc0e4ddccde94dcca7b987e33670ef02
2025-08-18 20:14:19,964 *** Listening on home-nastya-Frappe-local:short, home-nastya-Frappe-local:default, home-nastya-Frappe-local:long...
2025-08-18 20:22:03,789 Worker cc0e4ddccde94dcca7b987e33670ef02 [PID 31268]: warm shut down requested
2025-08-18 20:22:03,793 Unsubscribing from channel rq:pubsub:cc0e4ddccde94dcca7b987e33670ef02
2025-08-18 20:53:46,721 Worker rq:worker:02ef379951ff4cb9abe47e3909773957 started with PID 33638, version 1.15.1
2025-08-18 20:53:46,722 Subscribing to channel rq:pubsub:02ef379951ff4cb9abe47e3909773957
2025-08-18 20:53:46,726 *** Listening on home-nastya-Frappe-local:short, home-nastya-Frappe-local:default, home-nastya-Frappe-local:long...
2025-08-18 20:53:46,727 Cleaning registries for queue: home-nastya-Frappe-local:short
2025-08-18 20:53:46,732 Cleaning registries for queue: home-nastya-Frappe-local:default
2025-08-18 20:53:46,735 Cleaning registries for queue: home-nastya-Frappe-local:long
2025-08-18 20:56:02,952 Worker 02ef379951ff4cb9abe47e3909773957 [PID 33638]: warm shut down requested
2025-08-18 20:56:07,488 Worker rq:worker:c787c6dfc470465b84909e698deb60cb started with PID 34168, version 1.15.1
2025-08-18 20:56:07,488 Subscribing to channel rq:pubsub:c787c6dfc470465b84909e698deb60cb
2025-08-18 20:56:07,491 *** Listening on home-nastya-Frappe-local:short, home-nastya-Frappe-local:default, home-nastya-Frappe-local:long...
2025-08-18 21:09:37,586 Cleaning registries for queue: home-nastya-Frappe-local:short
2025-08-18 21:09:37,588 Cleaning registries for queue: home-nastya-Frappe-local:default
2025-08-18 21:09:37,591 Cleaning registries for queue: home-nastya-Frappe-local:long
2025-08-18 21:36:37,882 Cleaning registries for queue: home-nastya-Frappe-local:short
2025-08-18 21:36:37,884 Cleaning registries for queue: home-nastya-Frappe-local:default
2025-08-18 21:36:37,886 Cleaning registries for queue: home-nastya-Frappe-local:long
2025-08-18 22:03:38,034 Cleaning registries for queue: home-nastya-Frappe-local:short
2025-08-18 22:03:38,036 Cleaning registries for queue: home-nastya-Frappe-local:default
2025-08-18 22:03:38,038 Cleaning registries for queue: home-nastya-Frappe-local:long
2025-08-18 22:30:38,168 Cleaning registries for queue: home-nastya-Frappe-local:short
2025-08-18 22:30:38,170 Cleaning registries for queue: home-nastya-Frappe-local:default
2025-08-18 22:30:38,173 Cleaning registries for queue: home-nastya-Frappe-local:long
2025-08-18 22:57:38,323 Cleaning registries for queue: home-nastya-Frappe-local:short
2025-08-18 22:57:38,326 Cleaning registries for queue: home-nastya-Frappe-local:default
2025-08-18 22:57:38,329 Cleaning registries for queue: home-nastya-Frappe-local:long
2025-08-18 23:24:38,549 Cleaning registries for queue: home-nastya-Frappe-local:short
2025-08-18 23:24:38,551 Cleaning registries for queue: home-nastya-Frappe-local:default
2025-08-18 23:24:38,554 Cleaning registries for queue: home-nastya-Frappe-local:long
2025-08-18 23:51:38,747 Cleaning registries for queue: home-nastya-Frappe-local:short
2025-08-18 23:51:38,749 Cleaning registries for queue: home-nastya-Frappe-local:default
2025-08-18 23:51:38,752 Cleaning registries for queue: home-nastya-Frappe-local:long
2025-08-19 00:18:39,008 Cleaning registries for queue: home-nastya-Frappe-local:short
2025-08-19 00:18:39,010 Cleaning registries for queue: home-nastya-Frappe-local:default
2025-08-19 00:18:39,049 Cleaning registries for queue: home-nastya-Frappe-local:long
2025-08-19 00:45:39,176 Cleaning registries for queue: home-nastya-Frappe-local:short
2025-08-19 00:45:39,179 Cleaning registries for queue: home-nastya-Frappe-local:default
2025-08-19 00:45:39,181 Cleaning registries for queue: home-nastya-Frappe-local:long
2025-08-19 01:12:39,265 Cleaning registries for queue: home-nastya-Frappe-local:short
2025-08-19 01:12:39,268 Cleaning registries for queue: home-nastya-Frappe-local:default
2025-08-19 01:12:39,270 Cleaning registries for queue: home-nastya-Frappe-local:long
2025-08-19 01:39:39,434 Cleaning registries for queue: home-nastya-Frappe-local:short
2025-08-19 01:39:39,436 Cleaning registries for queue: home-nastya-Frappe-local:default
2025-08-19 01:39:39,438 Cleaning registries for queue: home-nastya-Frappe-local:long
2025-08-19 02:06:39,571 Cleaning registries for queue: home-nastya-Frappe-local:short
2025-08-19 02:06:39,573 Cleaning registries for queue: home-nastya-Frappe-local:default
2025-08-19 02:06:39,575 Cleaning registries for queue: home-nastya-Frappe-local:long
2025-08-19 02:33:39,666 Cleaning registries for queue: home-nastya-Frappe-local:short
2025-08-19 02:33:39,668 Cleaning registries for queue: home-nastya-Frappe-local:default
2025-08-19 02:33:39,670 Cleaning registries for queue: home-nastya-Frappe-local:long
2025-08-19 03:00:39,818 Cleaning registries for queue: home-nastya-Frappe-local:short
2025-08-19 03:00:39,859 Cleaning registries for queue: home-nastya-Frappe-local:default
2025-08-19 03:00:39,862 Cleaning registries for queue: home-nastya-Frappe-local:long
2025-08-19 03:27:39,989 Cleaning registries for queue: home-nastya-Frappe-local:short
2025-08-19 03:27:39,991 Cleaning registries for queue: home-nastya-Frappe-local:default
2025-08-19 03:27:39,994 Cleaning registries for queue: home-nastya-Frappe-local:long
2025-08-19 03:54:40,108 Cleaning registries for queue: home-nastya-Frappe-local:short
2025-08-19 03:54:40,110 Cleaning registries for queue: home-nastya-Frappe-local:default
2025-08-19 03:54:40,112 Cleaning registries for queue: home-nastya-Frappe-local:long
2025-08-19 04:21:40,255 Cleaning registries for queue: home-nastya-Frappe-local:short
2025-08-19 04:21:40,257 Cleaning registries for queue: home-nastya-Frappe-local:default
2025-08-19 04:21:40,259 Cleaning registries for queue: home-nastya-Frappe-local:long
2025-08-19 04:48:40,377 Cleaning registries for queue: home-nastya-Frappe-local:short
2025-08-19 04:48:40,379 Cleaning registries for queue: home-nastya-Frappe-local:default
2025-08-19 04:48:40,382 Cleaning registries for queue: home-nastya-Frappe-local:long
2025-08-19 05:15:40,504 Cleaning registries for queue: home-nastya-Frappe-local:short
2025-08-19 05:15:40,507 Cleaning registries for queue: home-nastya-Frappe-local:default
2025-08-19 05:15:40,510 Cleaning registries for queue: home-nastya-Frappe-local:long
2025-08-19 05:42:40,670 Cleaning registries for queue: home-nastya-Frappe-local:short
2025-08-19 05:42:40,672 Cleaning registries for queue: home-nastya-Frappe-local:default
2025-08-19 05:42:40,674 Cleaning registries for queue: home-nastya-Frappe-local:long
2025-08-19 06:09:40,817 Cleaning registries for queue: home-nastya-Frappe-local:short
2025-08-19 06:09:40,820 Cleaning registries for queue: home-nastya-Frappe-local:default
2025-08-19 06:09:40,823 Cleaning registries for queue: home-nastya-Frappe-local:long
2025-08-19 06:36:40,970 Cleaning registries for queue: home-nastya-Frappe-local:short
2025-08-19 06:36:40,972 Cleaning registries for queue: home-nastya-Frappe-local:default
2025-08-19 06:36:40,974 Cleaning registries for queue: home-nastya-Frappe-local:long
2025-08-19 07:03:41,099 Cleaning registries for queue: home-nastya-Frappe-local:short
2025-08-19 07:03:41,101 Cleaning registries for queue: home-nastya-Frappe-local:default
2025-08-19 07:03:41,104 Cleaning registries for queue: home-nastya-Frappe-local:long
2025-08-19 07:30:41,213 Cleaning registries for queue: home-nastya-Frappe-local:short
2025-08-19 07:30:41,215 Cleaning registries for queue: home-nastya-Frappe-local:default
2025-08-19 07:30:41,218 Cleaning registries for queue: home-nastya-Frappe-local:long
2025-08-19 07:57:41,291 Cleaning registries for queue: home-nastya-Frappe-local:short
2025-08-19 07:57:41,293 Cleaning registries for queue: home-nastya-Frappe-local:default
2025-08-19 07:57:41,296 Cleaning registries for queue: home-nastya-Frappe-local:long
2025-08-19 08:24:41,402 Cleaning registries for queue: home-nastya-Frappe-local:short
2025-08-19 08:24:41,404 Cleaning registries for queue: home-nastya-Frappe-local:default
2025-08-19 08:24:41,406 Cleaning registries for queue: home-nastya-Frappe-local:long
2025-08-19 08:51:41,547 Cleaning registries for queue: home-nastya-Frappe-local:short
2025-08-19 08:51:41,549 Cleaning registries for queue: home-nastya-Frappe-local:default
2025-08-19 08:51:41,552 Cleaning registries for queue: home-nastya-Frappe-local:long
2025-08-19 09:18:41,692 Cleaning registries for queue: home-nastya-Frappe-local:short
2025-08-19 09:18:41,694 Cleaning registries for queue: home-nastya-Frappe-local:default
2025-08-19 09:18:41,733 Cleaning registries for queue: home-nastya-Frappe-local:long
2025-08-19 09:45:41,940 Cleaning registries for queue: home-nastya-Frappe-local:short
2025-08-19 09:45:41,942 Cleaning registries for queue: home-nastya-Frappe-local:default
2025-08-19 09:45:41,944 Cleaning registries for queue: home-nastya-Frappe-local:long
2025-08-19 10:12:42,086 Cleaning registries for queue: home-nastya-Frappe-local:short
2025-08-19 10:12:42,088 Cleaning registries for queue: home-nastya-Frappe-local:default
2025-08-19 10:12:42,091 Cleaning registries for queue: home-nastya-Frappe-local:long
2025-08-19 10:39:42,170 Cleaning registries for queue: home-nastya-Frappe-local:short
2025-08-19 10:39:42,173 Cleaning registries for queue: home-nastya-Frappe-local:default
2025-08-19 10:39:42,175 Cleaning registries for queue: home-nastya-Frappe-local:long
2025-08-19 10:57:51,594 Worker c787c6dfc470465b84909e698deb60cb [PID 34168]: warm shut down requested
2025-08-25 17:59:07,441 Worker rq:worker:02b10f82b1914eacb535fc9970e18de3 started with PID 4273, version 1.15.1
2025-08-25 17:59:07,441 Subscribing to channel rq:pubsub:02b10f82b1914eacb535fc9970e18de3
2025-08-25 17:59:07,444 *** Listening on home-nastya-Frappe-local:short, home-nastya-Frappe-local:default, home-nastya-Frappe-local:long...
2025-08-25 17:59:07,445 Cleaning registries for queue: home-nastya-Frappe-local:short
2025-08-25 17:59:07,448 Cleaning registries for queue: home-nastya-Frappe-local:default
2025-08-25 17:59:07,451 Cleaning registries for queue: home-nastya-Frappe-local:long
2025-08-25 18:02:29,697 Worker 02b10f82b1914eacb535fc9970e18de3 [PID 4273]: warm shut down requested
2025-08-25 18:02:29,737 Unsubscribing from channel rq:pubsub:02b10f82b1914eacb535fc9970e18de3
2025-08-25 18:15:47,388 Worker rq:worker:f065c3f990284814b795364f1c20f0c9 started with PID 5187, version 1.15.1
2025-08-25 18:15:47,388 Subscribing to channel rq:pubsub:f065c3f990284814b795364f1c20f0c9
2025-08-25 18:15:47,391 *** Listening on home-nastya-Frappe-local:short, home-nastya-Frappe-local:default, home-nastya-Frappe-local:long...
2025-08-25 18:15:47,393 Cleaning registries for queue: home-nastya-Frappe-local:short
2025-08-25 18:15:47,397 Cleaning registries for queue: home-nastya-Frappe-local:default
2025-08-25 18:15:47,400 Cleaning registries for queue: home-nastya-Frappe-local:long
2025-08-25 18:42:47,672 Cleaning registries for queue: home-nastya-Frappe-local:short
2025-08-25 18:42:47,675 Cleaning registries for queue: home-nastya-Frappe-local:default
2025-08-25 18:42:47,677 Cleaning registries for queue: home-nastya-Frappe-local:long
